<?xml version="1.0" encoding="UTF-8"?>
<!-- Generated by org.testng.reporters.JUnitXMLReporter -->
<testsuite ignored="0" hostname="DESKTOP-TESS5PJ" failures="0" tests="3" name="DigitalDownloadsPage" time="9.876" errors="0" timestamp="2023-05-30T17:52:14 EDT">
  <testcase classname="nopcommerce.DigitalDownloadsTest" name="categoriesDisplay" time="1.053"/>
  <testcase classname="nopcommerce.DigitalDownloadsTest" name="downloads" time="0.663"/>
  <testcase classname="nopcommerce.DigitalDownloadsTest" name="priceOfItem" time="0.093"/>
</testsuite> <!-- DigitalDownloadsPage -->
