<?xml version="1.0" encoding="UTF-8"?>
<!-- Generated by org.testng.reporters.JUnitXMLReporter -->
<testsuite ignored="0" hostname="DESKTOP-TESS5PJ" failures="0" tests="12" name="HomePageTest" time="41.054" errors="0" timestamp="2023-05-30T17:52:04 EDT">
  <testcase classname="nopcommerce.HomePageTest" name="customerServiceTab" time="0.117"/>
  <testcase classname="nopcommerce.HomePageTest" name="forumPage" time="2.16"/>
  <testcase classname="nopcommerce.HomePageTest" name="homePageCommunityTitle" time="0.101"/>
  <testcase classname="nopcommerce.HomePageTest" name="homePageDocumentationButton" time="1.737"/>
  <testcase classname="nopcommerce.HomePageTest" name="homePageFeaturedTitle" time="0.11"/>
  <testcase classname="nopcommerce.HomePageTest" name="homePageForumsButton" time="2.084"/>
  <testcase classname="nopcommerce.HomePageTest" name="homePageInformationElement" time="0.112"/>
  <testcase classname="nopcommerce.HomePageTest" name="homePageMyAccountElement" time="0.093"/>
  <testcase classname="nopcommerce.HomePageTest" name="homePageTitles" time="0.09"/>
  <testcase classname="nopcommerce.HomePageTest" name="newsAnnouncementsTitle" time="1.785"/>
  <testcase classname="nopcommerce.HomePageTest" name="newsTitle" time="0.101"/>
  <testcase classname="nopcommerce.HomePageTest" name="shippingAndReturnsElement" time="0.717"/>
</testsuite> <!-- HomePageTest -->
