<?xml version="1.0" encoding="UTF-8"?>
<!-- Generated by org.testng.reporters.JUnitXMLReporter -->
<testsuite ignored="0" hostname="DESKTOP-TESS5PJ" failures="0" tests="4" name="LoginPage2Test" time="37.843" errors="0" timestamp="2023-05-30T17:52:52 EDT">
  <testcase classname="nopcommerce.LoginPage2Test" name="logOutValidation" time="7.358"/>
  <testcase classname="nopcommerce.LoginPage2Test" name="loginLink" time="10.568"/>
  <testcase classname="nopcommerce.LoginPage2Test" name="withoutEmail" time="4.117"/>
  <testcase classname="nopcommerce.LoginPage2Test" name="withoutPassword" time="4.194"/>
</testsuite> <!-- LoginPage2Test -->
