<?xml version="1.0" encoding="UTF-8"?>
<!-- Generated by org.testng.reporters.JUnitXMLReporter -->
<testsuite ignored="0" hostname="DESKTOP-TESS5PJ" failures="0" tests="3" name="WishListTest" time="15.597" errors="0" timestamp="2023-05-30T17:51:23 EDT">
  <testcase classname="nopcommerce.WishListTest" name="JewelryPage" time="2.172"/>
  <testcase classname="nopcommerce.WishListTest" name="emailFriend" time="2.437"/>
  <testcase classname="nopcommerce.WishListTest" name="sendAFriendAEmail" time="2.759"/>
</testsuite> <!-- WishListTest -->
