<?xml version="1.0" encoding="UTF-8"?>
<!-- Generated by org.testng.reporters.JUnitXMLReporter -->
<testsuite ignored="0" hostname="Faridas-MacBook-Pro.local" failures="0" tests="3" name="Connect to social media test" time="22.894" errors="0" timestamp="2023-05-30T20:29:08 EDT">
  <testcase classname="scaledupit.ConnectToSocialMediaTest" name="ConnectFaceBook" time="4.331"/>
  <testcase classname="scaledupit.ConnectToSocialMediaTest" name="ConnectInstagram" time="4.256"/>
  <testcase classname="scaledupit.ConnectToSocialMediaTest" name="ConnectSnapShot" time="4.305"/>
</testsuite> <!-- Connect to social media test -->
