<?xml version="1.0" encoding="UTF-8"?>
<!-- Generated by org.testng.reporters.JUnitXMLReporter -->
<testsuite ignored="0" hostname="Faridas-MacBook-Pro.local" failures="0" tests="4" name="login test" time="43.766" errors="0" timestamp="2023-05-30T20:17:58 EDT">
  <testcase classname="scaledupit.LoginTest" name="invalidUsername" time="5.23"/>
  <testcase classname="scaledupit.LoginTest" name="missingPassword" time="8.072"/>
  <testcase classname="scaledupit.LoginTest" name="missingUsername" time="8.056"/>
  <testcase classname="scaledupit.LoginTest" name="validCredential" time="8.621"/>
</testsuite> <!-- login test -->
