<?xml version="1.0" encoding="UTF-8"?>
<!-- Generated by org.testng.reporters.JUnitXMLReporter -->
<testsuite ignored="0" hostname="Faridas-MacBook-Pro.local" failures="0" tests="2" name="registration  test" time="27.469" errors="0" timestamp="2023-05-30T20:17:14 EDT">
  <testcase classname="scaledupit.UserRegistration" name="RegistrationInValid" time="8.321"/>
  <testcase classname="scaledupit.UserRegistration" name="RegistrationValidation" time="8.703"/>
</testsuite> <!-- registration  test -->
