<?xml version="1.0" encoding="UTF-8"?>
<testng-results ignored="0" total="30" passed="28" failed="2" skipped="0">
  <reporter-output>
    <line>
      <![CDATA[Extent Report DirectoryC:\Users\saidu\IdeaProjects\team2project\test-output\html]]>
    </line>
  </reporter-output>
  <suite started-at="2023-05-30T17:50:47 EDT" name="nopcommerce test" finished-at="2023-05-30T17:53:24 EDT" duration-ms="157577">
    <groups>
    </groups>
    <test started-at="2023-05-30T17:50:47 EDT" name="GiftCardTest" finished-at="2023-05-30T17:50:54 EDT" duration-ms="7127">
      <class name="nopcommerce.GiftCardTest">
        <test-method is-config="true" signature="setUp(java.lang.String,java.lang.String,java.lang.String,java.lang.String,java.lang.String,java.lang.String,java.lang.String)[pri:0, instance:nopcommerce.GiftCardTest@a776e]" started-at="2023-05-30T17:50:47 EDT" name="setUp" finished-at="2023-05-30T17:50:51 EDT" duration-ms="3818" status="PASS">
          <params>
            <param index="0">
              <value>
                <![CDATA[false]]>
              </value>
            </param>
            <param index="1">
              <value>
                <![CDATA[browserstack]]>
              </value>
            </param>
            <param index="2">
              <value>
                <![CDATA[windows]]>
              </value>
            </param>
            <param index="3">
              <value>
                <![CDATA[10]]>
              </value>
            </param>
            <param index="4">
              <value>
                <![CDATA[chrome]]>
              </value>
            </param>
            <param index="5">
              <value>
                <![CDATA[110]]>
              </value>
            </param>
            <param index="6">
              <value>
                <![CDATA[https://demo.nopcommerce.com]]>
              </value>
            </param>
          </params>
          <reporter-output>
          </reporter-output>
        </test-method> <!-- setUp -->
        <test-method is-config="true" signature="startExtent(java.lang.reflect.Method)[pri:0, instance:nopcommerce.GiftCardTest@a776e]" started-at="2023-05-30T17:50:51 EDT" name="startExtent" finished-at="2023-05-30T17:50:51 EDT" duration-ms="15" status="PASS">
          <params>
            <param index="0">
              <value>
                <![CDATA[public void nopcommerce.GiftCardTest.giftCards()]]>
              </value>
            </param>
          </params>
          <reporter-output>
          </reporter-output>
        </test-method> <!-- startExtent -->
        <test-method signature="giftCards()[pri:0, instance:nopcommerce.GiftCardTest@a776e]" started-at="2023-05-30T17:50:51 EDT" name="giftCards" finished-at="2023-05-30T17:50:53 EDT" duration-ms="2585" status="PASS">
          <reporter-output>
          </reporter-output>
        </test-method> <!-- giftCards -->
        <test-method is-config="true" signature="afterEachTestMethod(org.testng.ITestResult)[pri:0, instance:nopcommerce.GiftCardTest@a776e]" started-at="2023-05-30T17:50:53 EDT" name="afterEachTestMethod" finished-at="2023-05-30T17:50:54 EDT" duration-ms="673" status="PASS">
          <params>
            <param index="0">
              <value>
                <![CDATA[[TestResult name=giftCards status=SUCCESS method=GiftCardTest.giftCards()[pri:0, instance:nopcommerce.GiftCardTest@a776e] output={null}]]]>
              </value>
            </param>
          </params>
          <reporter-output>
          </reporter-output>
        </test-method> <!-- afterEachTestMethod -->
      </class> <!-- nopcommerce.GiftCardTest -->
    </test> <!-- GiftCardTest -->
    <test started-at="2023-05-30T17:50:54 EDT" name="ContactUsTest" finished-at="2023-05-30T17:50:58 EDT" duration-ms="4661">
      <class name="nopcommerce.ContactUsTest">
        <test-method is-config="true" signature="setUp(java.lang.String,java.lang.String,java.lang.String,java.lang.String,java.lang.String,java.lang.String,java.lang.String)[pri:0, instance:nopcommerce.ContactUsTest@12bcd0c0]" started-at="2023-05-30T17:50:54 EDT" name="setUp" finished-at="2023-05-30T17:50:56 EDT" duration-ms="2657" status="PASS">
          <params>
            <param index="0">
              <value>
                <![CDATA[false]]>
              </value>
            </param>
            <param index="1">
              <value>
                <![CDATA[browserstack]]>
              </value>
            </param>
            <param index="2">
              <value>
                <![CDATA[windows]]>
              </value>
            </param>
            <param index="3">
              <value>
                <![CDATA[10]]>
              </value>
            </param>
            <param index="4">
              <value>
                <![CDATA[chrome]]>
              </value>
            </param>
            <param index="5">
              <value>
                <![CDATA[110]]>
              </value>
            </param>
            <param index="6">
              <value>
                <![CDATA[https://demo.nopcommerce.com]]>
              </value>
            </param>
          </params>
          <reporter-output>
          </reporter-output>
        </test-method> <!-- setUp -->
        <test-method is-config="true" signature="startExtent(java.lang.reflect.Method)[pri:0, instance:nopcommerce.ContactUsTest@12bcd0c0]" started-at="2023-05-30T17:50:56 EDT" name="startExtent" finished-at="2023-05-30T17:50:56 EDT" duration-ms="0" status="PASS">
          <params>
            <param index="0">
              <value>
                <![CDATA[public void nopcommerce.ContactUsTest.companyContact()]]>
              </value>
            </param>
          </params>
          <reporter-output>
          </reporter-output>
        </test-method> <!-- startExtent -->
        <test-method signature="companyContact()[pri:0, instance:nopcommerce.ContactUsTest@12bcd0c0]" started-at="2023-05-30T17:50:56 EDT" name="companyContact" finished-at="2023-05-30T17:50:58 EDT" duration-ms="1569" status="PASS">
          <reporter-output>
          </reporter-output>
        </test-method> <!-- companyContact -->
        <test-method is-config="true" signature="afterEachTestMethod(org.testng.ITestResult)[pri:0, instance:nopcommerce.ContactUsTest@12bcd0c0]" started-at="2023-05-30T17:50:58 EDT" name="afterEachTestMethod" finished-at="2023-05-30T17:50:58 EDT" duration-ms="431" status="PASS">
          <params>
            <param index="0">
              <value>
                <![CDATA[[TestResult name=companyContact status=SUCCESS method=ContactUsTest.companyContact()[pri:0, instance:nopcommerce.ContactUsTest@12bcd0c0] output={null}]]]>
              </value>
            </param>
          </params>
          <reporter-output>
          </reporter-output>
        </test-method> <!-- afterEachTestMethod -->
      </class> <!-- nopcommerce.ContactUsTest -->
    </test> <!-- ContactUsTest -->
    <test started-at="2023-05-30T17:50:59 EDT" name="BooksTest" finished-at="2023-05-30T17:51:08 EDT" duration-ms="9063">
      <class name="nopcommerce.BooksTest">
        <test-method is-config="true" signature="setUp(java.lang.String,java.lang.String,java.lang.String,java.lang.String,java.lang.String,java.lang.String,java.lang.String)[pri:0, instance:nopcommerce.BooksTest@5b43fbf6]" started-at="2023-05-30T17:50:59 EDT" name="setUp" finished-at="2023-05-30T17:51:01 EDT" duration-ms="2514" status="PASS">
          <params>
            <param index="0">
              <value>
                <![CDATA[false]]>
              </value>
            </param>
            <param index="1">
              <value>
                <![CDATA[browserstack]]>
              </value>
            </param>
            <param index="2">
              <value>
                <![CDATA[windows]]>
              </value>
            </param>
            <param index="3">
              <value>
                <![CDATA[10]]>
              </value>
            </param>
            <param index="4">
              <value>
                <![CDATA[chrome]]>
              </value>
            </param>
            <param index="5">
              <value>
                <![CDATA[110]]>
              </value>
            </param>
            <param index="6">
              <value>
                <![CDATA[https://demo.nopcommerce.com]]>
              </value>
            </param>
          </params>
          <reporter-output>
          </reporter-output>
        </test-method> <!-- setUp -->
        <test-method is-config="true" signature="startExtent(java.lang.reflect.Method)[pri:0, instance:nopcommerce.BooksTest@5b43fbf6]" started-at="2023-05-30T17:51:01 EDT" name="startExtent" finished-at="2023-05-30T17:51:01 EDT" duration-ms="1" status="PASS">
          <params>
            <param index="0">
              <value>
                <![CDATA[public void nopcommerce.BooksTest.addBookToCart()]]>
              </value>
            </param>
          </params>
          <reporter-output>
          </reporter-output>
        </test-method> <!-- startExtent -->
        <test-method signature="addBookToCart()[pri:0, instance:nopcommerce.BooksTest@5b43fbf6]" started-at="2023-05-30T17:51:01 EDT" name="addBookToCart" finished-at="2023-05-30T17:51:03 EDT" duration-ms="2244" status="PASS">
          <reporter-output>
          </reporter-output>
        </test-method> <!-- addBookToCart -->
        <test-method is-config="true" signature="afterEachTestMethod(org.testng.ITestResult)[pri:0, instance:nopcommerce.BooksTest@5b43fbf6]" started-at="2023-05-30T17:51:03 EDT" name="afterEachTestMethod" finished-at="2023-05-30T17:51:04 EDT" duration-ms="411" status="PASS">
          <params>
            <param index="0">
              <value>
                <![CDATA[[TestResult name=addBookToCart status=SUCCESS method=BooksTest.addBookToCart()[pri:0, instance:nopcommerce.BooksTest@5b43fbf6] output={null}]]]>
              </value>
            </param>
          </params>
          <reporter-output>
          </reporter-output>
        </test-method> <!-- afterEachTestMethod -->
        <test-method is-config="true" signature="setUp(java.lang.String,java.lang.String,java.lang.String,java.lang.String,java.lang.String,java.lang.String,java.lang.String)[pri:0, instance:nopcommerce.BooksTest@5b43fbf6]" started-at="2023-05-30T17:51:04 EDT" name="setUp" finished-at="2023-05-30T17:51:06 EDT" duration-ms="2472" status="PASS">
          <params>
            <param index="0">
              <value>
                <![CDATA[false]]>
              </value>
            </param>
            <param index="1">
              <value>
                <![CDATA[browserstack]]>
              </value>
            </param>
            <param index="2">
              <value>
                <![CDATA[windows]]>
              </value>
            </param>
            <param index="3">
              <value>
                <![CDATA[10]]>
              </value>
            </param>
            <param index="4">
              <value>
                <![CDATA[chrome]]>
              </value>
            </param>
            <param index="5">
              <value>
                <![CDATA[110]]>
              </value>
            </param>
            <param index="6">
              <value>
                <![CDATA[https://demo.nopcommerce.com]]>
              </value>
            </param>
          </params>
          <reporter-output>
          </reporter-output>
        </test-method> <!-- setUp -->
        <test-method is-config="true" signature="startExtent(java.lang.reflect.Method)[pri:0, instance:nopcommerce.BooksTest@5b43fbf6]" started-at="2023-05-30T17:51:06 EDT" name="startExtent" finished-at="2023-05-30T17:51:06 EDT" duration-ms="1" status="PASS">
          <params>
            <param index="0">
              <value>
                <![CDATA[public void nopcommerce.BooksTest.homePageButtonOnBooksPage()]]>
              </value>
            </param>
          </params>
          <reporter-output>
          </reporter-output>
        </test-method> <!-- startExtent -->
        <test-method signature="homePageButtonOnBooksPage()[pri:0, instance:nopcommerce.BooksTest@5b43fbf6]" started-at="2023-05-30T17:51:06 EDT" name="homePageButtonOnBooksPage" finished-at="2023-05-30T17:51:07 EDT" duration-ms="1050" status="PASS">
          <reporter-output>
          </reporter-output>
        </test-method> <!-- homePageButtonOnBooksPage -->
        <test-method is-config="true" signature="afterEachTestMethod(org.testng.ITestResult)[pri:0, instance:nopcommerce.BooksTest@5b43fbf6]" started-at="2023-05-30T17:51:07 EDT" name="afterEachTestMethod" finished-at="2023-05-30T17:51:08 EDT" duration-ms="363" status="PASS">
          <params>
            <param index="0">
              <value>
                <![CDATA[[TestResult name=homePageButtonOnBooksPage status=SUCCESS method=BooksTest.homePageButtonOnBooksPage()[pri:0, instance:nopcommerce.BooksTest@5b43fbf6] output={null}]]]>
              </value>
            </param>
          </params>
          <reporter-output>
          </reporter-output>
        </test-method> <!-- afterEachTestMethod -->
      </class> <!-- nopcommerce.BooksTest -->
    </test> <!-- BooksTest -->
    <test started-at="2023-05-30T17:51:08 EDT" name="WishListTest" finished-at="2023-05-30T17:51:23 EDT" duration-ms="15597">
      <class name="nopcommerce.WishListTest">
        <test-method is-config="true" signature="setUp(java.lang.String,java.lang.String,java.lang.String,java.lang.String,java.lang.String,java.lang.String,java.lang.String)[pri:0, instance:nopcommerce.WishListTest@f73dcd6]" started-at="2023-05-30T17:51:08 EDT" name="setUp" finished-at="2023-05-30T17:51:10 EDT" duration-ms="2272" status="PASS">
          <params>
            <param index="0">
              <value>
                <![CDATA[false]]>
              </value>
            </param>
            <param index="1">
              <value>
                <![CDATA[browserstack]]>
              </value>
            </param>
            <param index="2">
              <value>
                <![CDATA[windows]]>
              </value>
            </param>
            <param index="3">
              <value>
                <![CDATA[10]]>
              </value>
            </param>
            <param index="4">
              <value>
                <![CDATA[chrome]]>
              </value>
            </param>
            <param index="5">
              <value>
                <![CDATA[110]]>
              </value>
            </param>
            <param index="6">
              <value>
                <![CDATA[https://demo.nopcommerce.com]]>
              </value>
            </param>
          </params>
          <reporter-output>
          </reporter-output>
        </test-method> <!-- setUp -->
        <test-method is-config="true" signature="startExtent(java.lang.reflect.Method)[pri:0, instance:nopcommerce.WishListTest@f73dcd6]" started-at="2023-05-30T17:51:10 EDT" name="startExtent" finished-at="2023-05-30T17:51:10 EDT" duration-ms="5" status="PASS">
          <params>
            <param index="0">
              <value>
                <![CDATA[public void nopcommerce.WishListTest.JewelryPage()]]>
              </value>
            </param>
          </params>
          <reporter-output>
          </reporter-output>
        </test-method> <!-- startExtent -->
        <test-method signature="JewelryPage()[pri:0, instance:nopcommerce.WishListTest@f73dcd6]" started-at="2023-05-30T17:51:10 EDT" name="JewelryPage" finished-at="2023-05-30T17:51:12 EDT" duration-ms="2172" status="PASS">
          <reporter-output>
          </reporter-output>
        </test-method> <!-- JewelryPage -->
        <test-method is-config="true" signature="afterEachTestMethod(org.testng.ITestResult)[pri:0, instance:nopcommerce.WishListTest@f73dcd6]" started-at="2023-05-30T17:51:12 EDT" name="afterEachTestMethod" finished-at="2023-05-30T17:51:12 EDT" duration-ms="411" status="PASS">
          <params>
            <param index="0">
              <value>
                <![CDATA[[TestResult name=JewelryPage status=SUCCESS method=WishListTest.JewelryPage()[pri:0, instance:nopcommerce.WishListTest@f73dcd6] output={null}]]]>
              </value>
            </param>
          </params>
          <reporter-output>
          </reporter-output>
        </test-method> <!-- afterEachTestMethod -->
        <test-method is-config="true" signature="setUp(java.lang.String,java.lang.String,java.lang.String,java.lang.String,java.lang.String,java.lang.String,java.lang.String)[pri:0, instance:nopcommerce.WishListTest@f73dcd6]" started-at="2023-05-30T17:51:12 EDT" name="setUp" finished-at="2023-05-30T17:51:15 EDT" duration-ms="2355" status="PASS">
          <params>
            <param index="0">
              <value>
                <![CDATA[false]]>
              </value>
            </param>
            <param index="1">
              <value>
                <![CDATA[browserstack]]>
              </value>
            </param>
            <param index="2">
              <value>
                <![CDATA[windows]]>
              </value>
            </param>
            <param index="3">
              <value>
                <![CDATA[10]]>
              </value>
            </param>
            <param index="4">
              <value>
                <![CDATA[chrome]]>
              </value>
            </param>
            <param index="5">
              <value>
                <![CDATA[110]]>
              </value>
            </param>
            <param index="6">
              <value>
                <![CDATA[https://demo.nopcommerce.com]]>
              </value>
            </param>
          </params>
          <reporter-output>
          </reporter-output>
        </test-method> <!-- setUp -->
        <test-method is-config="true" signature="startExtent(java.lang.reflect.Method)[pri:0, instance:nopcommerce.WishListTest@f73dcd6]" started-at="2023-05-30T17:51:15 EDT" name="startExtent" finished-at="2023-05-30T17:51:15 EDT" duration-ms="21" status="PASS">
          <params>
            <param index="0">
              <value>
                <![CDATA[public void nopcommerce.WishListTest.emailFriend()]]>
              </value>
            </param>
          </params>
          <reporter-output>
          </reporter-output>
        </test-method> <!-- startExtent -->
        <test-method signature="emailFriend()[pri:0, instance:nopcommerce.WishListTest@f73dcd6]" started-at="2023-05-30T17:51:15 EDT" name="emailFriend" finished-at="2023-05-30T17:51:17 EDT" duration-ms="2437" status="PASS">
          <reporter-output>
          </reporter-output>
        </test-method> <!-- emailFriend -->
        <test-method is-config="true" signature="afterEachTestMethod(org.testng.ITestResult)[pri:0, instance:nopcommerce.WishListTest@f73dcd6]" started-at="2023-05-30T17:51:17 EDT" name="afterEachTestMethod" finished-at="2023-05-30T17:51:18 EDT" duration-ms="383" status="PASS">
          <params>
            <param index="0">
              <value>
                <![CDATA[[TestResult name=emailFriend status=SUCCESS method=WishListTest.emailFriend()[pri:0, instance:nopcommerce.WishListTest@f73dcd6] output={null}]]]>
              </value>
            </param>
          </params>
          <reporter-output>
          </reporter-output>
        </test-method> <!-- afterEachTestMethod -->
        <test-method is-config="true" signature="setUp(java.lang.String,java.lang.String,java.lang.String,java.lang.String,java.lang.String,java.lang.String,java.lang.String)[pri:0, instance:nopcommerce.WishListTest@f73dcd6]" started-at="2023-05-30T17:51:18 EDT" name="setUp" finished-at="2023-05-30T17:51:20 EDT" duration-ms="2370" status="PASS">
          <params>
            <param index="0">
              <value>
                <![CDATA[false]]>
              </value>
            </param>
            <param index="1">
              <value>
                <![CDATA[browserstack]]>
              </value>
            </param>
            <param index="2">
              <value>
                <![CDATA[windows]]>
              </value>
            </param>
            <param index="3">
              <value>
                <![CDATA[10]]>
              </value>
            </param>
            <param index="4">
              <value>
                <![CDATA[chrome]]>
              </value>
            </param>
            <param index="5">
              <value>
                <![CDATA[110]]>
              </value>
            </param>
            <param index="6">
              <value>
                <![CDATA[https://demo.nopcommerce.com]]>
              </value>
            </param>
          </params>
          <reporter-output>
          </reporter-output>
        </test-method> <!-- setUp -->
        <test-method is-config="true" signature="startExtent(java.lang.reflect.Method)[pri:0, instance:nopcommerce.WishListTest@f73dcd6]" started-at="2023-05-30T17:51:20 EDT" name="startExtent" finished-at="2023-05-30T17:51:20 EDT" duration-ms="1" status="PASS">
          <params>
            <param index="0">
              <value>
                <![CDATA[public void nopcommerce.WishListTest.sendAFriendAEmail()]]>
              </value>
            </param>
          </params>
          <reporter-output>
          </reporter-output>
        </test-method> <!-- startExtent -->
        <test-method signature="sendAFriendAEmail()[pri:0, instance:nopcommerce.WishListTest@f73dcd6]" started-at="2023-05-30T17:51:20 EDT" name="sendAFriendAEmail" finished-at="2023-05-30T17:51:23 EDT" duration-ms="2759" status="PASS">
          <reporter-output>
          </reporter-output>
        </test-method> <!-- sendAFriendAEmail -->
        <test-method is-config="true" signature="afterEachTestMethod(org.testng.ITestResult)[pri:0, instance:nopcommerce.WishListTest@f73dcd6]" started-at="2023-05-30T17:51:23 EDT" name="afterEachTestMethod" finished-at="2023-05-30T17:51:23 EDT" duration-ms="394" status="PASS">
          <params>
            <param index="0">
              <value>
                <![CDATA[[TestResult name=sendAFriendAEmail status=SUCCESS method=WishListTest.sendAFriendAEmail()[pri:0, instance:nopcommerce.WishListTest@f73dcd6] output={null}]]]>
              </value>
            </param>
          </params>
          <reporter-output>
          </reporter-output>
        </test-method> <!-- afterEachTestMethod -->
      </class> <!-- nopcommerce.WishListTest -->
    </test> <!-- WishListTest -->
    <test started-at="2023-05-30T17:51:23 EDT" name="HomePageTest" finished-at="2023-05-30T17:52:04 EDT" duration-ms="41054">
      <class name="nopcommerce.HomePageTest">
        <test-method is-config="true" signature="setUp(java.lang.String,java.lang.String,java.lang.String,java.lang.String,java.lang.String,java.lang.String,java.lang.String)[pri:0, instance:nopcommerce.HomePageTest@609640d5]" started-at="2023-05-30T17:51:23 EDT" name="setUp" finished-at="2023-05-30T17:51:26 EDT" duration-ms="2312" status="PASS">
          <params>
            <param index="0">
              <value>
                <![CDATA[false]]>
              </value>
            </param>
            <param index="1">
              <value>
                <![CDATA[browserstack]]>
              </value>
            </param>
            <param index="2">
              <value>
                <![CDATA[windows]]>
              </value>
            </param>
            <param index="3">
              <value>
                <![CDATA[10]]>
              </value>
            </param>
            <param index="4">
              <value>
                <![CDATA[chrome]]>
              </value>
            </param>
            <param index="5">
              <value>
                <![CDATA[110]]>
              </value>
            </param>
            <param index="6">
              <value>
                <![CDATA[https://demo.nopcommerce.com]]>
              </value>
            </param>
          </params>
          <reporter-output>
          </reporter-output>
        </test-method> <!-- setUp -->
        <test-method is-config="true" signature="startExtent(java.lang.reflect.Method)[pri:0, instance:nopcommerce.HomePageTest@609640d5]" started-at="2023-05-30T17:51:26 EDT" name="startExtent" finished-at="2023-05-30T17:51:26 EDT" duration-ms="1" status="PASS">
          <params>
            <param index="0">
              <value>
                <![CDATA[public void nopcommerce.HomePageTest.customerServiceTab()]]>
              </value>
            </param>
          </params>
          <reporter-output>
          </reporter-output>
        </test-method> <!-- startExtent -->
        <test-method signature="customerServiceTab()[pri:0, instance:nopcommerce.HomePageTest@609640d5]" started-at="2023-05-30T17:51:26 EDT" name="customerServiceTab" finished-at="2023-05-30T17:51:26 EDT" duration-ms="117" status="PASS">
          <reporter-output>
          </reporter-output>
        </test-method> <!-- customerServiceTab -->
        <test-method is-config="true" signature="afterEachTestMethod(org.testng.ITestResult)[pri:0, instance:nopcommerce.HomePageTest@609640d5]" started-at="2023-05-30T17:51:26 EDT" name="afterEachTestMethod" finished-at="2023-05-30T17:51:26 EDT" duration-ms="435" status="PASS">
          <params>
            <param index="0">
              <value>
                <![CDATA[[TestResult name=customerServiceTab status=SUCCESS method=HomePageTest.customerServiceTab()[pri:0, instance:nopcommerce.HomePageTest@609640d5] output={null}]]]>
              </value>
            </param>
          </params>
          <reporter-output>
          </reporter-output>
        </test-method> <!-- afterEachTestMethod -->
        <test-method is-config="true" signature="setUp(java.lang.String,java.lang.String,java.lang.String,java.lang.String,java.lang.String,java.lang.String,java.lang.String)[pri:0, instance:nopcommerce.HomePageTest@609640d5]" started-at="2023-05-30T17:51:26 EDT" name="setUp" finished-at="2023-05-30T17:51:28 EDT" duration-ms="2081" status="PASS">
          <params>
            <param index="0">
              <value>
                <![CDATA[false]]>
              </value>
            </param>
            <param index="1">
              <value>
                <![CDATA[browserstack]]>
              </value>
            </param>
            <param index="2">
              <value>
                <![CDATA[windows]]>
              </value>
            </param>
            <param index="3">
              <value>
                <![CDATA[10]]>
              </value>
            </param>
            <param index="4">
              <value>
                <![CDATA[chrome]]>
              </value>
            </param>
            <param index="5">
              <value>
                <![CDATA[110]]>
              </value>
            </param>
            <param index="6">
              <value>
                <![CDATA[https://demo.nopcommerce.com]]>
              </value>
            </param>
          </params>
          <reporter-output>
          </reporter-output>
        </test-method> <!-- setUp -->
        <test-method is-config="true" signature="startExtent(java.lang.reflect.Method)[pri:0, instance:nopcommerce.HomePageTest@609640d5]" started-at="2023-05-30T17:51:28 EDT" name="startExtent" finished-at="2023-05-30T17:51:28 EDT" duration-ms="1" status="PASS">
          <params>
            <param index="0">
              <value>
                <![CDATA[public void nopcommerce.HomePageTest.forumPage()]]>
              </value>
            </param>
          </params>
          <reporter-output>
          </reporter-output>
        </test-method> <!-- startExtent -->
        <test-method signature="forumPage()[pri:0, instance:nopcommerce.HomePageTest@609640d5]" started-at="2023-05-30T17:51:28 EDT" name="forumPage" finished-at="2023-05-30T17:51:30 EDT" duration-ms="2160" status="PASS">
          <reporter-output>
          </reporter-output>
        </test-method> <!-- forumPage -->
        <test-method is-config="true" signature="afterEachTestMethod(org.testng.ITestResult)[pri:0, instance:nopcommerce.HomePageTest@609640d5]" started-at="2023-05-30T17:51:30 EDT" name="afterEachTestMethod" finished-at="2023-05-30T17:51:31 EDT" duration-ms="380" status="PASS">
          <params>
            <param index="0">
              <value>
                <![CDATA[[TestResult name=forumPage status=SUCCESS method=HomePageTest.forumPage()[pri:0, instance:nopcommerce.HomePageTest@609640d5] output={null}]]]>
              </value>
            </param>
          </params>
          <reporter-output>
          </reporter-output>
        </test-method> <!-- afterEachTestMethod -->
        <test-method is-config="true" signature="setUp(java.lang.String,java.lang.String,java.lang.String,java.lang.String,java.lang.String,java.lang.String,java.lang.String)[pri:0, instance:nopcommerce.HomePageTest@609640d5]" started-at="2023-05-30T17:51:31 EDT" name="setUp" finished-at="2023-05-30T17:51:33 EDT" duration-ms="2236" status="PASS">
          <params>
            <param index="0">
              <value>
                <![CDATA[false]]>
              </value>
            </param>
            <param index="1">
              <value>
                <![CDATA[browserstack]]>
              </value>
            </param>
            <param index="2">
              <value>
                <![CDATA[windows]]>
              </value>
            </param>
            <param index="3">
              <value>
                <![CDATA[10]]>
              </value>
            </param>
            <param index="4">
              <value>
                <![CDATA[chrome]]>
              </value>
            </param>
            <param index="5">
              <value>
                <![CDATA[110]]>
              </value>
            </param>
            <param index="6">
              <value>
                <![CDATA[https://demo.nopcommerce.com]]>
              </value>
            </param>
          </params>
          <reporter-output>
          </reporter-output>
        </test-method> <!-- setUp -->
        <test-method is-config="true" signature="startExtent(java.lang.reflect.Method)[pri:0, instance:nopcommerce.HomePageTest@609640d5]" started-at="2023-05-30T17:51:33 EDT" name="startExtent" finished-at="2023-05-30T17:51:33 EDT" duration-ms="1" status="PASS">
          <params>
            <param index="0">
              <value>
                <![CDATA[public void nopcommerce.HomePageTest.homePageCommunityTitle()]]>
              </value>
            </param>
          </params>
          <reporter-output>
          </reporter-output>
        </test-method> <!-- startExtent -->
        <test-method signature="homePageCommunityTitle()[pri:0, instance:nopcommerce.HomePageTest@609640d5]" started-at="2023-05-30T17:51:33 EDT" name="homePageCommunityTitle" finished-at="2023-05-30T17:51:33 EDT" duration-ms="101" status="PASS">
          <reporter-output>
          </reporter-output>
        </test-method> <!-- homePageCommunityTitle -->
        <test-method is-config="true" signature="afterEachTestMethod(org.testng.ITestResult)[pri:0, instance:nopcommerce.HomePageTest@609640d5]" started-at="2023-05-30T17:51:33 EDT" name="afterEachTestMethod" finished-at="2023-05-30T17:51:33 EDT" duration-ms="328" status="PASS">
          <params>
            <param index="0">
              <value>
                <![CDATA[[TestResult name=homePageCommunityTitle status=SUCCESS method=HomePageTest.homePageCommunityTitle()[pri:0, instance:nopcommerce.HomePageTest@609640d5] output={null}]]]>
              </value>
            </param>
          </params>
          <reporter-output>
          </reporter-output>
        </test-method> <!-- afterEachTestMethod -->
        <test-method is-config="true" signature="setUp(java.lang.String,java.lang.String,java.lang.String,java.lang.String,java.lang.String,java.lang.String,java.lang.String)[pri:0, instance:nopcommerce.HomePageTest@609640d5]" started-at="2023-05-30T17:51:33 EDT" name="setUp" finished-at="2023-05-30T17:51:36 EDT" duration-ms="2166" status="PASS">
          <params>
            <param index="0">
              <value>
                <![CDATA[false]]>
              </value>
            </param>
            <param index="1">
              <value>
                <![CDATA[browserstack]]>
              </value>
            </param>
            <param index="2">
              <value>
                <![CDATA[windows]]>
              </value>
            </param>
            <param index="3">
              <value>
                <![CDATA[10]]>
              </value>
            </param>
            <param index="4">
              <value>
                <![CDATA[chrome]]>
              </value>
            </param>
            <param index="5">
              <value>
                <![CDATA[110]]>
              </value>
            </param>
            <param index="6">
              <value>
                <![CDATA[https://demo.nopcommerce.com]]>
              </value>
            </param>
          </params>
          <reporter-output>
          </reporter-output>
        </test-method> <!-- setUp -->
        <test-method is-config="true" signature="startExtent(java.lang.reflect.Method)[pri:0, instance:nopcommerce.HomePageTest@609640d5]" started-at="2023-05-30T17:51:36 EDT" name="startExtent" finished-at="2023-05-30T17:51:36 EDT" duration-ms="1" status="PASS">
          <params>
            <param index="0">
              <value>
                <![CDATA[public void nopcommerce.HomePageTest.homePageDocumentationButton()]]>
              </value>
            </param>
          </params>
          <reporter-output>
          </reporter-output>
        </test-method> <!-- startExtent -->
        <test-method signature="homePageDocumentationButton()[pri:0, instance:nopcommerce.HomePageTest@609640d5]" started-at="2023-05-30T17:51:36 EDT" name="homePageDocumentationButton" finished-at="2023-05-30T17:51:37 EDT" duration-ms="1737" status="PASS">
          <reporter-output>
          </reporter-output>
        </test-method> <!-- homePageDocumentationButton -->
        <test-method is-config="true" signature="afterEachTestMethod(org.testng.ITestResult)[pri:0, instance:nopcommerce.HomePageTest@609640d5]" started-at="2023-05-30T17:51:37 EDT" name="afterEachTestMethod" finished-at="2023-05-30T17:51:38 EDT" duration-ms="375" status="PASS">
          <params>
            <param index="0">
              <value>
                <![CDATA[[TestResult name=homePageDocumentationButton status=SUCCESS method=HomePageTest.homePageDocumentationButton()[pri:0, instance:nopcommerce.HomePageTest@609640d5] output={null}]]]>
              </value>
            </param>
          </params>
          <reporter-output>
          </reporter-output>
        </test-method> <!-- afterEachTestMethod -->
        <test-method is-config="true" signature="setUp(java.lang.String,java.lang.String,java.lang.String,java.lang.String,java.lang.String,java.lang.String,java.lang.String)[pri:0, instance:nopcommerce.HomePageTest@609640d5]" started-at="2023-05-30T17:51:38 EDT" name="setUp" finished-at="2023-05-30T17:51:40 EDT" duration-ms="2153" status="PASS">
          <params>
            <param index="0">
              <value>
                <![CDATA[false]]>
              </value>
            </param>
            <param index="1">
              <value>
                <![CDATA[browserstack]]>
              </value>
            </param>
            <param index="2">
              <value>
                <![CDATA[windows]]>
              </value>
            </param>
            <param index="3">
              <value>
                <![CDATA[10]]>
              </value>
            </param>
            <param index="4">
              <value>
                <![CDATA[chrome]]>
              </value>
            </param>
            <param index="5">
              <value>
                <![CDATA[110]]>
              </value>
            </param>
            <param index="6">
              <value>
                <![CDATA[https://demo.nopcommerce.com]]>
              </value>
            </param>
          </params>
          <reporter-output>
          </reporter-output>
        </test-method> <!-- setUp -->
        <test-method is-config="true" signature="startExtent(java.lang.reflect.Method)[pri:0, instance:nopcommerce.HomePageTest@609640d5]" started-at="2023-05-30T17:51:40 EDT" name="startExtent" finished-at="2023-05-30T17:51:40 EDT" duration-ms="1" status="PASS">
          <params>
            <param index="0">
              <value>
                <![CDATA[public void nopcommerce.HomePageTest.homePageFeaturedTitle()]]>
              </value>
            </param>
          </params>
          <reporter-output>
          </reporter-output>
        </test-method> <!-- startExtent -->
        <test-method signature="homePageFeaturedTitle()[pri:0, instance:nopcommerce.HomePageTest@609640d5]" started-at="2023-05-30T17:51:40 EDT" name="homePageFeaturedTitle" finished-at="2023-05-30T17:51:40 EDT" duration-ms="110" status="PASS">
          <reporter-output>
          </reporter-output>
        </test-method> <!-- homePageFeaturedTitle -->
        <test-method is-config="true" signature="afterEachTestMethod(org.testng.ITestResult)[pri:0, instance:nopcommerce.HomePageTest@609640d5]" started-at="2023-05-30T17:51:40 EDT" name="afterEachTestMethod" finished-at="2023-05-30T17:51:40 EDT" duration-ms="395" status="PASS">
          <params>
            <param index="0">
              <value>
                <![CDATA[[TestResult name=homePageFeaturedTitle status=SUCCESS method=HomePageTest.homePageFeaturedTitle()[pri:0, instance:nopcommerce.HomePageTest@609640d5] output={null}]]]>
              </value>
            </param>
          </params>
          <reporter-output>
          </reporter-output>
        </test-method> <!-- afterEachTestMethod -->
        <test-method is-config="true" signature="setUp(java.lang.String,java.lang.String,java.lang.String,java.lang.String,java.lang.String,java.lang.String,java.lang.String)[pri:0, instance:nopcommerce.HomePageTest@609640d5]" started-at="2023-05-30T17:51:40 EDT" name="setUp" finished-at="2023-05-30T17:51:43 EDT" duration-ms="2311" status="PASS">
          <params>
            <param index="0">
              <value>
                <![CDATA[false]]>
              </value>
            </param>
            <param index="1">
              <value>
                <![CDATA[browserstack]]>
              </value>
            </param>
            <param index="2">
              <value>
                <![CDATA[windows]]>
              </value>
            </param>
            <param index="3">
              <value>
                <![CDATA[10]]>
              </value>
            </param>
            <param index="4">
              <value>
                <![CDATA[chrome]]>
              </value>
            </param>
            <param index="5">
              <value>
                <![CDATA[110]]>
              </value>
            </param>
            <param index="6">
              <value>
                <![CDATA[https://demo.nopcommerce.com]]>
              </value>
            </param>
          </params>
          <reporter-output>
          </reporter-output>
        </test-method> <!-- setUp -->
        <test-method is-config="true" signature="startExtent(java.lang.reflect.Method)[pri:0, instance:nopcommerce.HomePageTest@609640d5]" started-at="2023-05-30T17:51:43 EDT" name="startExtent" finished-at="2023-05-30T17:51:43 EDT" duration-ms="6" status="PASS">
          <params>
            <param index="0">
              <value>
                <![CDATA[public void nopcommerce.HomePageTest.homePageForumsButton()]]>
              </value>
            </param>
          </params>
          <reporter-output>
          </reporter-output>
        </test-method> <!-- startExtent -->
        <test-method signature="homePageForumsButton()[pri:0, instance:nopcommerce.HomePageTest@609640d5]" started-at="2023-05-30T17:51:43 EDT" name="homePageForumsButton" finished-at="2023-05-30T17:51:45 EDT" duration-ms="2084" status="PASS">
          <reporter-output>
          </reporter-output>
        </test-method> <!-- homePageForumsButton -->
        <test-method is-config="true" signature="afterEachTestMethod(org.testng.ITestResult)[pri:0, instance:nopcommerce.HomePageTest@609640d5]" started-at="2023-05-30T17:51:45 EDT" name="afterEachTestMethod" finished-at="2023-05-30T17:51:45 EDT" duration-ms="371" status="PASS">
          <params>
            <param index="0">
              <value>
                <![CDATA[[TestResult name=homePageForumsButton status=SUCCESS method=HomePageTest.homePageForumsButton()[pri:0, instance:nopcommerce.HomePageTest@609640d5] output={null}]]]>
              </value>
            </param>
          </params>
          <reporter-output>
          </reporter-output>
        </test-method> <!-- afterEachTestMethod -->
        <test-method is-config="true" signature="setUp(java.lang.String,java.lang.String,java.lang.String,java.lang.String,java.lang.String,java.lang.String,java.lang.String)[pri:0, instance:nopcommerce.HomePageTest@609640d5]" started-at="2023-05-30T17:51:45 EDT" name="setUp" finished-at="2023-05-30T17:51:47 EDT" duration-ms="2283" status="PASS">
          <params>
            <param index="0">
              <value>
                <![CDATA[false]]>
              </value>
            </param>
            <param index="1">
              <value>
                <![CDATA[browserstack]]>
              </value>
            </param>
            <param index="2">
              <value>
                <![CDATA[windows]]>
              </value>
            </param>
            <param index="3">
              <value>
                <![CDATA[10]]>
              </value>
            </param>
            <param index="4">
              <value>
                <![CDATA[chrome]]>
              </value>
            </param>
            <param index="5">
              <value>
                <![CDATA[110]]>
              </value>
            </param>
            <param index="6">
              <value>
                <![CDATA[https://demo.nopcommerce.com]]>
              </value>
            </param>
          </params>
          <reporter-output>
          </reporter-output>
        </test-method> <!-- setUp -->
        <test-method signature="homePageInformationElement()[pri:0, instance:nopcommerce.HomePageTest@609640d5]" started-at="2023-05-30T17:51:47 EDT" name="homePageInformationElement" finished-at="2023-05-30T17:51:47 EDT" duration-ms="112" status="PASS">
          <reporter-output>
          </reporter-output>
        </test-method> <!-- homePageInformationElement -->
        <test-method is-config="true" signature="startExtent(java.lang.reflect.Method)[pri:0, instance:nopcommerce.HomePageTest@609640d5]" started-at="2023-05-30T17:51:47 EDT" name="startExtent" finished-at="2023-05-30T17:51:47 EDT" duration-ms="0" status="PASS">
          <params>
            <param index="0">
              <value>
                <![CDATA[public void nopcommerce.HomePageTest.homePageInformationElement()]]>
              </value>
            </param>
          </params>
          <reporter-output>
          </reporter-output>
        </test-method> <!-- startExtent -->
        <test-method is-config="true" signature="afterEachTestMethod(org.testng.ITestResult)[pri:0, instance:nopcommerce.HomePageTest@609640d5]" started-at="2023-05-30T17:51:47 EDT" name="afterEachTestMethod" finished-at="2023-05-30T17:51:48 EDT" duration-ms="404" status="PASS">
          <params>
            <param index="0">
              <value>
                <![CDATA[[TestResult name=homePageInformationElement status=SUCCESS method=HomePageTest.homePageInformationElement()[pri:0, instance:nopcommerce.HomePageTest@609640d5] output={null}]]]>
              </value>
            </param>
          </params>
          <reporter-output>
          </reporter-output>
        </test-method> <!-- afterEachTestMethod -->
        <test-method is-config="true" signature="setUp(java.lang.String,java.lang.String,java.lang.String,java.lang.String,java.lang.String,java.lang.String,java.lang.String)[pri:0, instance:nopcommerce.HomePageTest@609640d5]" started-at="2023-05-30T17:51:48 EDT" name="setUp" finished-at="2023-05-30T17:51:50 EDT" duration-ms="2325" status="PASS">
          <params>
            <param index="0">
              <value>
                <![CDATA[false]]>
              </value>
            </param>
            <param index="1">
              <value>
                <![CDATA[browserstack]]>
              </value>
            </param>
            <param index="2">
              <value>
                <![CDATA[windows]]>
              </value>
            </param>
            <param index="3">
              <value>
                <![CDATA[10]]>
              </value>
            </param>
            <param index="4">
              <value>
                <![CDATA[chrome]]>
              </value>
            </param>
            <param index="5">
              <value>
                <![CDATA[110]]>
              </value>
            </param>
            <param index="6">
              <value>
                <![CDATA[https://demo.nopcommerce.com]]>
              </value>
            </param>
          </params>
          <reporter-output>
          </reporter-output>
        </test-method> <!-- setUp -->
        <test-method is-config="true" signature="startExtent(java.lang.reflect.Method)[pri:0, instance:nopcommerce.HomePageTest@609640d5]" started-at="2023-05-30T17:51:50 EDT" name="startExtent" finished-at="2023-05-30T17:51:50 EDT" duration-ms="6" status="PASS">
          <params>
            <param index="0">
              <value>
                <![CDATA[public void nopcommerce.HomePageTest.homePageMyAccountElement()]]>
              </value>
            </param>
          </params>
          <reporter-output>
          </reporter-output>
        </test-method> <!-- startExtent -->
        <test-method signature="homePageMyAccountElement()[pri:0, instance:nopcommerce.HomePageTest@609640d5]" started-at="2023-05-30T17:51:50 EDT" name="homePageMyAccountElement" finished-at="2023-05-30T17:51:50 EDT" duration-ms="93" status="PASS">
          <reporter-output>
          </reporter-output>
        </test-method> <!-- homePageMyAccountElement -->
        <test-method is-config="true" signature="afterEachTestMethod(org.testng.ITestResult)[pri:0, instance:nopcommerce.HomePageTest@609640d5]" started-at="2023-05-30T17:51:50 EDT" name="afterEachTestMethod" finished-at="2023-05-30T17:51:51 EDT" duration-ms="428" status="PASS">
          <params>
            <param index="0">
              <value>
                <![CDATA[[TestResult name=homePageMyAccountElement status=SUCCESS method=HomePageTest.homePageMyAccountElement()[pri:0, instance:nopcommerce.HomePageTest@609640d5] output={null}]]]>
              </value>
            </param>
          </params>
          <reporter-output>
          </reporter-output>
        </test-method> <!-- afterEachTestMethod -->
        <test-method is-config="true" signature="setUp(java.lang.String,java.lang.String,java.lang.String,java.lang.String,java.lang.String,java.lang.String,java.lang.String)[pri:0, instance:nopcommerce.HomePageTest@609640d5]" started-at="2023-05-30T17:51:51 EDT" name="setUp" finished-at="2023-05-30T17:51:53 EDT" duration-ms="2226" status="PASS">
          <params>
            <param index="0">
              <value>
                <![CDATA[false]]>
              </value>
            </param>
            <param index="1">
              <value>
                <![CDATA[browserstack]]>
              </value>
            </param>
            <param index="2">
              <value>
                <![CDATA[windows]]>
              </value>
            </param>
            <param index="3">
              <value>
                <![CDATA[10]]>
              </value>
            </param>
            <param index="4">
              <value>
                <![CDATA[chrome]]>
              </value>
            </param>
            <param index="5">
              <value>
                <![CDATA[110]]>
              </value>
            </param>
            <param index="6">
              <value>
                <![CDATA[https://demo.nopcommerce.com]]>
              </value>
            </param>
          </params>
          <reporter-output>
          </reporter-output>
        </test-method> <!-- setUp -->
        <test-method is-config="true" signature="startExtent(java.lang.reflect.Method)[pri:0, instance:nopcommerce.HomePageTest@609640d5]" started-at="2023-05-30T17:51:53 EDT" name="startExtent" finished-at="2023-05-30T17:51:53 EDT" duration-ms="1" status="PASS">
          <params>
            <param index="0">
              <value>
                <![CDATA[public void nopcommerce.HomePageTest.homePageTitles()]]>
              </value>
            </param>
          </params>
          <reporter-output>
          </reporter-output>
        </test-method> <!-- startExtent -->
        <test-method signature="homePageTitles()[pri:0, instance:nopcommerce.HomePageTest@609640d5]" started-at="2023-05-30T17:51:53 EDT" name="homePageTitles" finished-at="2023-05-30T17:51:53 EDT" duration-ms="90" status="PASS">
          <reporter-output>
          </reporter-output>
        </test-method> <!-- homePageTitles -->
        <test-method is-config="true" signature="afterEachTestMethod(org.testng.ITestResult)[pri:0, instance:nopcommerce.HomePageTest@609640d5]" started-at="2023-05-30T17:51:53 EDT" name="afterEachTestMethod" finished-at="2023-05-30T17:51:53 EDT" duration-ms="419" status="PASS">
          <params>
            <param index="0">
              <value>
                <![CDATA[[TestResult name=homePageTitles status=SUCCESS method=HomePageTest.homePageTitles()[pri:0, instance:nopcommerce.HomePageTest@609640d5] output={null}]]]>
              </value>
            </param>
          </params>
          <reporter-output>
          </reporter-output>
        </test-method> <!-- afterEachTestMethod -->
        <test-method is-config="true" signature="setUp(java.lang.String,java.lang.String,java.lang.String,java.lang.String,java.lang.String,java.lang.String,java.lang.String)[pri:0, instance:nopcommerce.HomePageTest@609640d5]" started-at="2023-05-30T17:51:53 EDT" name="setUp" finished-at="2023-05-30T17:51:56 EDT" duration-ms="2454" status="PASS">
          <params>
            <param index="0">
              <value>
                <![CDATA[false]]>
              </value>
            </param>
            <param index="1">
              <value>
                <![CDATA[browserstack]]>
              </value>
            </param>
            <param index="2">
              <value>
                <![CDATA[windows]]>
              </value>
            </param>
            <param index="3">
              <value>
                <![CDATA[10]]>
              </value>
            </param>
            <param index="4">
              <value>
                <![CDATA[chrome]]>
              </value>
            </param>
            <param index="5">
              <value>
                <![CDATA[110]]>
              </value>
            </param>
            <param index="6">
              <value>
                <![CDATA[https://demo.nopcommerce.com]]>
              </value>
            </param>
          </params>
          <reporter-output>
          </reporter-output>
        </test-method> <!-- setUp -->
        <test-method is-config="true" signature="startExtent(java.lang.reflect.Method)[pri:0, instance:nopcommerce.HomePageTest@609640d5]" started-at="2023-05-30T17:51:56 EDT" name="startExtent" finished-at="2023-05-30T17:51:56 EDT" duration-ms="4" status="PASS">
          <params>
            <param index="0">
              <value>
                <![CDATA[public void nopcommerce.HomePageTest.newsAnnouncementsTitle()]]>
              </value>
            </param>
          </params>
          <reporter-output>
          </reporter-output>
        </test-method> <!-- startExtent -->
        <test-method signature="newsAnnouncementsTitle()[pri:0, instance:nopcommerce.HomePageTest@609640d5]" started-at="2023-05-30T17:51:56 EDT" name="newsAnnouncementsTitle" finished-at="2023-05-30T17:51:58 EDT" duration-ms="1785" status="PASS">
          <reporter-output>
          </reporter-output>
        </test-method> <!-- newsAnnouncementsTitle -->
        <test-method is-config="true" signature="afterEachTestMethod(org.testng.ITestResult)[pri:0, instance:nopcommerce.HomePageTest@609640d5]" started-at="2023-05-30T17:51:58 EDT" name="afterEachTestMethod" finished-at="2023-05-30T17:51:58 EDT" duration-ms="379" status="PASS">
          <params>
            <param index="0">
              <value>
                <![CDATA[[TestResult name=newsAnnouncementsTitle status=SUCCESS method=HomePageTest.newsAnnouncementsTitle()[pri:0, instance:nopcommerce.HomePageTest@609640d5] output={null}]]]>
              </value>
            </param>
          </params>
          <reporter-output>
          </reporter-output>
        </test-method> <!-- afterEachTestMethod -->
        <test-method is-config="true" signature="setUp(java.lang.String,java.lang.String,java.lang.String,java.lang.String,java.lang.String,java.lang.String,java.lang.String)[pri:0, instance:nopcommerce.HomePageTest@609640d5]" started-at="2023-05-30T17:51:58 EDT" name="setUp" finished-at="2023-05-30T17:52:00 EDT" duration-ms="2336" status="PASS">
          <params>
            <param index="0">
              <value>
                <![CDATA[false]]>
              </value>
            </param>
            <param index="1">
              <value>
                <![CDATA[browserstack]]>
              </value>
            </param>
            <param index="2">
              <value>
                <![CDATA[windows]]>
              </value>
            </param>
            <param index="3">
              <value>
                <![CDATA[10]]>
              </value>
            </param>
            <param index="4">
              <value>
                <![CDATA[chrome]]>
              </value>
            </param>
            <param index="5">
              <value>
                <![CDATA[110]]>
              </value>
            </param>
            <param index="6">
              <value>
                <![CDATA[https://demo.nopcommerce.com]]>
              </value>
            </param>
          </params>
          <reporter-output>
          </reporter-output>
        </test-method> <!-- setUp -->
        <test-method is-config="true" signature="startExtent(java.lang.reflect.Method)[pri:0, instance:nopcommerce.HomePageTest@609640d5]" started-at="2023-05-30T17:52:00 EDT" name="startExtent" finished-at="2023-05-30T17:52:00 EDT" duration-ms="1" status="PASS">
          <params>
            <param index="0">
              <value>
                <![CDATA[public void nopcommerce.HomePageTest.newsTitle()]]>
              </value>
            </param>
          </params>
          <reporter-output>
          </reporter-output>
        </test-method> <!-- startExtent -->
        <test-method signature="newsTitle()[pri:0, instance:nopcommerce.HomePageTest@609640d5]" started-at="2023-05-30T17:52:00 EDT" name="newsTitle" finished-at="2023-05-30T17:52:01 EDT" duration-ms="101" status="PASS">
          <reporter-output>
          </reporter-output>
        </test-method> <!-- newsTitle -->
        <test-method is-config="true" signature="afterEachTestMethod(org.testng.ITestResult)[pri:0, instance:nopcommerce.HomePageTest@609640d5]" started-at="2023-05-30T17:52:01 EDT" name="afterEachTestMethod" finished-at="2023-05-30T17:52:01 EDT" duration-ms="398" status="PASS">
          <params>
            <param index="0">
              <value>
                <![CDATA[[TestResult name=newsTitle status=SUCCESS method=HomePageTest.newsTitle()[pri:0, instance:nopcommerce.HomePageTest@609640d5] output={null}]]]>
              </value>
            </param>
          </params>
          <reporter-output>
          </reporter-output>
        </test-method> <!-- afterEachTestMethod -->
        <test-method is-config="true" signature="setUp(java.lang.String,java.lang.String,java.lang.String,java.lang.String,java.lang.String,java.lang.String,java.lang.String)[pri:0, instance:nopcommerce.HomePageTest@609640d5]" started-at="2023-05-30T17:52:01 EDT" name="setUp" finished-at="2023-05-30T17:52:03 EDT" duration-ms="2299" status="PASS">
          <params>
            <param index="0">
              <value>
                <![CDATA[false]]>
              </value>
            </param>
            <param index="1">
              <value>
                <![CDATA[browserstack]]>
              </value>
            </param>
            <param index="2">
              <value>
                <![CDATA[windows]]>
              </value>
            </param>
            <param index="3">
              <value>
                <![CDATA[10]]>
              </value>
            </param>
            <param index="4">
              <value>
                <![CDATA[chrome]]>
              </value>
            </param>
            <param index="5">
              <value>
                <![CDATA[110]]>
              </value>
            </param>
            <param index="6">
              <value>
                <![CDATA[https://demo.nopcommerce.com]]>
              </value>
            </param>
          </params>
          <reporter-output>
          </reporter-output>
        </test-method> <!-- setUp -->
        <test-method is-config="true" signature="startExtent(java.lang.reflect.Method)[pri:0, instance:nopcommerce.HomePageTest@609640d5]" started-at="2023-05-30T17:52:03 EDT" name="startExtent" finished-at="2023-05-30T17:52:03 EDT" duration-ms="1" status="PASS">
          <params>
            <param index="0">
              <value>
                <![CDATA[public void nopcommerce.HomePageTest.shippingAndReturnsElement()]]>
              </value>
            </param>
          </params>
          <reporter-output>
          </reporter-output>
        </test-method> <!-- startExtent -->
        <test-method signature="shippingAndReturnsElement()[pri:0, instance:nopcommerce.HomePageTest@609640d5]" started-at="2023-05-30T17:52:03 EDT" name="shippingAndReturnsElement" finished-at="2023-05-30T17:52:04 EDT" duration-ms="717" status="PASS">
          <reporter-output>
          </reporter-output>
        </test-method> <!-- shippingAndReturnsElement -->
        <test-method is-config="true" signature="afterEachTestMethod(org.testng.ITestResult)[pri:0, instance:nopcommerce.HomePageTest@609640d5]" started-at="2023-05-30T17:52:04 EDT" name="afterEachTestMethod" finished-at="2023-05-30T17:52:04 EDT" duration-ms="287" status="PASS">
          <params>
            <param index="0">
              <value>
                <![CDATA[[TestResult name=shippingAndReturnsElement status=SUCCESS method=HomePageTest.shippingAndReturnsElement()[pri:0, instance:nopcommerce.HomePageTest@609640d5] output={null}]]]>
              </value>
            </param>
          </params>
          <reporter-output>
          </reporter-output>
        </test-method> <!-- afterEachTestMethod -->
      </class> <!-- nopcommerce.HomePageTest -->
    </test> <!-- HomePageTest -->
    <test started-at="2023-05-30T17:52:04 EDT" name="DigitalDownloadsPage" finished-at="2023-05-30T17:52:14 EDT" duration-ms="9876">
      <class name="nopcommerce.DigitalDownloadsTest">
        <test-method is-config="true" signature="setUp(java.lang.String,java.lang.String,java.lang.String,java.lang.String,java.lang.String,java.lang.String,java.lang.String)[pri:0, instance:nopcommerce.DigitalDownloadsTest@66ce957f]" started-at="2023-05-30T17:52:04 EDT" name="setUp" finished-at="2023-05-30T17:52:07 EDT" duration-ms="2411" status="PASS">
          <params>
            <param index="0">
              <value>
                <![CDATA[false]]>
              </value>
            </param>
            <param index="1">
              <value>
                <![CDATA[browserstack]]>
              </value>
            </param>
            <param index="2">
              <value>
                <![CDATA[windows]]>
              </value>
            </param>
            <param index="3">
              <value>
                <![CDATA[10]]>
              </value>
            </param>
            <param index="4">
              <value>
                <![CDATA[chrome]]>
              </value>
            </param>
            <param index="5">
              <value>
                <![CDATA[110]]>
              </value>
            </param>
            <param index="6">
              <value>
                <![CDATA[https://demo.nopcommerce.com]]>
              </value>
            </param>
          </params>
          <reporter-output>
          </reporter-output>
        </test-method> <!-- setUp -->
        <test-method is-config="true" signature="startExtent(java.lang.reflect.Method)[pri:0, instance:nopcommerce.DigitalDownloadsTest@66ce957f]" started-at="2023-05-30T17:52:07 EDT" name="startExtent" finished-at="2023-05-30T17:52:07 EDT" duration-ms="2" status="PASS">
          <params>
            <param index="0">
              <value>
                <![CDATA[public void nopcommerce.DigitalDownloadsTest.categoriesDisplay()]]>
              </value>
            </param>
          </params>
          <reporter-output>
          </reporter-output>
        </test-method> <!-- startExtent -->
        <test-method signature="categoriesDisplay()[pri:0, instance:nopcommerce.DigitalDownloadsTest@66ce957f]" started-at="2023-05-30T17:52:07 EDT" name="categoriesDisplay" finished-at="2023-05-30T17:52:08 EDT" duration-ms="1053" status="PASS">
          <reporter-output>
          </reporter-output>
        </test-method> <!-- categoriesDisplay -->
        <test-method is-config="true" signature="afterEachTestMethod(org.testng.ITestResult)[pri:0, instance:nopcommerce.DigitalDownloadsTest@66ce957f]" started-at="2023-05-30T17:52:08 EDT" name="afterEachTestMethod" finished-at="2023-05-30T17:52:08 EDT" duration-ms="375" status="PASS">
          <params>
            <param index="0">
              <value>
                <![CDATA[[TestResult name=categoriesDisplay status=SUCCESS method=DigitalDownloadsTest.categoriesDisplay()[pri:0, instance:nopcommerce.DigitalDownloadsTest@66ce957f] output={null}]]]>
              </value>
            </param>
          </params>
          <reporter-output>
          </reporter-output>
        </test-method> <!-- afterEachTestMethod -->
        <test-method is-config="true" signature="setUp(java.lang.String,java.lang.String,java.lang.String,java.lang.String,java.lang.String,java.lang.String,java.lang.String)[pri:0, instance:nopcommerce.DigitalDownloadsTest@66ce957f]" started-at="2023-05-30T17:52:08 EDT" name="setUp" finished-at="2023-05-30T17:52:10 EDT" duration-ms="2292" status="PASS">
          <params>
            <param index="0">
              <value>
                <![CDATA[false]]>
              </value>
            </param>
            <param index="1">
              <value>
                <![CDATA[browserstack]]>
              </value>
            </param>
            <param index="2">
              <value>
                <![CDATA[windows]]>
              </value>
            </param>
            <param index="3">
              <value>
                <![CDATA[10]]>
              </value>
            </param>
            <param index="4">
              <value>
                <![CDATA[chrome]]>
              </value>
            </param>
            <param index="5">
              <value>
                <![CDATA[110]]>
              </value>
            </param>
            <param index="6">
              <value>
                <![CDATA[https://demo.nopcommerce.com]]>
              </value>
            </param>
          </params>
          <reporter-output>
          </reporter-output>
        </test-method> <!-- setUp -->
        <test-method is-config="true" signature="startExtent(java.lang.reflect.Method)[pri:0, instance:nopcommerce.DigitalDownloadsTest@66ce957f]" started-at="2023-05-30T17:52:10 EDT" name="startExtent" finished-at="2023-05-30T17:52:10 EDT" duration-ms="1" status="PASS">
          <params>
            <param index="0">
              <value>
                <![CDATA[public void nopcommerce.DigitalDownloadsTest.downloads()]]>
              </value>
            </param>
          </params>
          <reporter-output>
          </reporter-output>
        </test-method> <!-- startExtent -->
        <test-method signature="downloads()[pri:0, instance:nopcommerce.DigitalDownloadsTest@66ce957f]" started-at="2023-05-30T17:52:10 EDT" name="downloads" finished-at="2023-05-30T17:52:11 EDT" duration-ms="663" status="PASS">
          <reporter-output>
          </reporter-output>
        </test-method> <!-- downloads -->
        <test-method is-config="true" signature="afterEachTestMethod(org.testng.ITestResult)[pri:0, instance:nopcommerce.DigitalDownloadsTest@66ce957f]" started-at="2023-05-30T17:52:11 EDT" name="afterEachTestMethod" finished-at="2023-05-30T17:52:12 EDT" duration-ms="460" status="PASS">
          <params>
            <param index="0">
              <value>
                <![CDATA[[TestResult name=downloads status=SUCCESS method=DigitalDownloadsTest.downloads()[pri:0, instance:nopcommerce.DigitalDownloadsTest@66ce957f] output={null}]]]>
              </value>
            </param>
          </params>
          <reporter-output>
          </reporter-output>
        </test-method> <!-- afterEachTestMethod -->
        <test-method is-config="true" signature="setUp(java.lang.String,java.lang.String,java.lang.String,java.lang.String,java.lang.String,java.lang.String,java.lang.String)[pri:0, instance:nopcommerce.DigitalDownloadsTest@66ce957f]" started-at="2023-05-30T17:52:12 EDT" name="setUp" finished-at="2023-05-30T17:52:14 EDT" duration-ms="2095" status="PASS">
          <params>
            <param index="0">
              <value>
                <![CDATA[false]]>
              </value>
            </param>
            <param index="1">
              <value>
                <![CDATA[browserstack]]>
              </value>
            </param>
            <param index="2">
              <value>
                <![CDATA[windows]]>
              </value>
            </param>
            <param index="3">
              <value>
                <![CDATA[10]]>
              </value>
            </param>
            <param index="4">
              <value>
                <![CDATA[chrome]]>
              </value>
            </param>
            <param index="5">
              <value>
                <![CDATA[110]]>
              </value>
            </param>
            <param index="6">
              <value>
                <![CDATA[https://demo.nopcommerce.com]]>
              </value>
            </param>
          </params>
          <reporter-output>
          </reporter-output>
        </test-method> <!-- setUp -->
        <test-method is-config="true" signature="startExtent(java.lang.reflect.Method)[pri:0, instance:nopcommerce.DigitalDownloadsTest@66ce957f]" started-at="2023-05-30T17:52:14 EDT" name="startExtent" finished-at="2023-05-30T17:52:14 EDT" duration-ms="2" status="PASS">
          <params>
            <param index="0">
              <value>
                <![CDATA[public void nopcommerce.DigitalDownloadsTest.priceOfItem()]]>
              </value>
            </param>
          </params>
          <reporter-output>
          </reporter-output>
        </test-method> <!-- startExtent -->
        <test-method signature="priceOfItem()[pri:0, instance:nopcommerce.DigitalDownloadsTest@66ce957f]" started-at="2023-05-30T17:52:14 EDT" name="priceOfItem" finished-at="2023-05-30T17:52:14 EDT" duration-ms="93" status="PASS">
          <reporter-output>
          </reporter-output>
        </test-method> <!-- priceOfItem -->
        <test-method is-config="true" signature="afterEachTestMethod(org.testng.ITestResult)[pri:0, instance:nopcommerce.DigitalDownloadsTest@66ce957f]" started-at="2023-05-30T17:52:14 EDT" name="afterEachTestMethod" finished-at="2023-05-30T17:52:14 EDT" duration-ms="421" status="PASS">
          <params>
            <param index="0">
              <value>
                <![CDATA[[TestResult name=priceOfItem status=SUCCESS method=DigitalDownloadsTest.priceOfItem()[pri:0, instance:nopcommerce.DigitalDownloadsTest@66ce957f] output={null}]]]>
              </value>
            </param>
          </params>
          <reporter-output>
          </reporter-output>
        </test-method> <!-- afterEachTestMethod -->
      </class> <!-- nopcommerce.DigitalDownloadsTest -->
    </test> <!-- DigitalDownloadsPage -->
    <test started-at="2023-05-30T17:52:14 EDT" name="LoginPage2Test" finished-at="2023-05-30T17:52:52 EDT" duration-ms="37843">
      <class name="nopcommerce.LoginPage2Test">
        <test-method is-config="true" signature="setUp(java.lang.String,java.lang.String,java.lang.String,java.lang.String,java.lang.String,java.lang.String,java.lang.String)[pri:0, instance:nopcommerce.LoginPage2Test@5467eea4]" started-at="2023-05-30T17:52:14 EDT" name="setUp" finished-at="2023-05-30T17:52:17 EDT" duration-ms="2786" status="PASS">
          <params>
            <param index="0">
              <value>
                <![CDATA[false]]>
              </value>
            </param>
            <param index="1">
              <value>
                <![CDATA[browserstack]]>
              </value>
            </param>
            <param index="2">
              <value>
                <![CDATA[windows]]>
              </value>
            </param>
            <param index="3">
              <value>
                <![CDATA[10]]>
              </value>
            </param>
            <param index="4">
              <value>
                <![CDATA[chrome]]>
              </value>
            </param>
            <param index="5">
              <value>
                <![CDATA[110]]>
              </value>
            </param>
            <param index="6">
              <value>
                <![CDATA[https://demo.nopcommerce.com]]>
              </value>
            </param>
          </params>
          <reporter-output>
          </reporter-output>
        </test-method> <!-- setUp -->
        <test-method is-config="true" signature="startExtent(java.lang.reflect.Method)[pri:0, instance:nopcommerce.LoginPage2Test@5467eea4]" started-at="2023-05-30T17:52:17 EDT" name="startExtent" finished-at="2023-05-30T17:52:17 EDT" duration-ms="6" status="PASS">
          <params>
            <param index="0">
              <value>
                <![CDATA[public void nopcommerce.LoginPage2Test.logOutValidation()]]>
              </value>
            </param>
          </params>
          <reporter-output>
          </reporter-output>
        </test-method> <!-- startExtent -->
        <test-method signature="logOutValidation()[pri:0, instance:nopcommerce.LoginPage2Test@5467eea4]" started-at="2023-05-30T17:52:17 EDT" name="logOutValidation" finished-at="2023-05-30T17:52:24 EDT" duration-ms="7358" status="PASS">
          <reporter-output>
          </reporter-output>
        </test-method> <!-- logOutValidation -->
        <test-method is-config="true" signature="afterEachTestMethod(org.testng.ITestResult)[pri:0, instance:nopcommerce.LoginPage2Test@5467eea4]" started-at="2023-05-30T17:52:24 EDT" name="afterEachTestMethod" finished-at="2023-05-30T17:52:25 EDT" duration-ms="341" status="PASS">
          <params>
            <param index="0">
              <value>
                <![CDATA[[TestResult name=logOutValidation status=SUCCESS method=LoginPage2Test.logOutValidation()[pri:0, instance:nopcommerce.LoginPage2Test@5467eea4] output={null}]]]>
              </value>
            </param>
          </params>
          <reporter-output>
          </reporter-output>
        </test-method> <!-- afterEachTestMethod -->
        <test-method is-config="true" signature="setUp(java.lang.String,java.lang.String,java.lang.String,java.lang.String,java.lang.String,java.lang.String,java.lang.String)[pri:0, instance:nopcommerce.LoginPage2Test@5467eea4]" started-at="2023-05-30T17:52:25 EDT" name="setUp" finished-at="2023-05-30T17:52:27 EDT" duration-ms="2588" status="PASS">
          <params>
            <param index="0">
              <value>
                <![CDATA[false]]>
              </value>
            </param>
            <param index="1">
              <value>
                <![CDATA[browserstack]]>
              </value>
            </param>
            <param index="2">
              <value>
                <![CDATA[windows]]>
              </value>
            </param>
            <param index="3">
              <value>
                <![CDATA[10]]>
              </value>
            </param>
            <param index="4">
              <value>
                <![CDATA[chrome]]>
              </value>
            </param>
            <param index="5">
              <value>
                <![CDATA[110]]>
              </value>
            </param>
            <param index="6">
              <value>
                <![CDATA[https://demo.nopcommerce.com]]>
              </value>
            </param>
          </params>
          <reporter-output>
          </reporter-output>
        </test-method> <!-- setUp -->
        <test-method signature="loginLink()[pri:0, instance:nopcommerce.LoginPage2Test@5467eea4]" started-at="2023-05-30T17:52:27 EDT" name="loginLink" finished-at="2023-05-30T17:52:38 EDT" duration-ms="10568" status="PASS">
          <reporter-output>
          </reporter-output>
        </test-method> <!-- loginLink -->
        <test-method is-config="true" signature="startExtent(java.lang.reflect.Method)[pri:0, instance:nopcommerce.LoginPage2Test@5467eea4]" started-at="2023-05-30T17:52:27 EDT" name="startExtent" finished-at="2023-05-30T17:52:27 EDT" duration-ms="0" status="PASS">
          <params>
            <param index="0">
              <value>
                <![CDATA[public void nopcommerce.LoginPage2Test.loginLink()]]>
              </value>
            </param>
          </params>
          <reporter-output>
          </reporter-output>
        </test-method> <!-- startExtent -->
        <test-method is-config="true" signature="afterEachTestMethod(org.testng.ITestResult)[pri:0, instance:nopcommerce.LoginPage2Test@5467eea4]" started-at="2023-05-30T17:52:38 EDT" name="afterEachTestMethod" finished-at="2023-05-30T17:52:38 EDT" duration-ms="383" status="PASS">
          <params>
            <param index="0">
              <value>
                <![CDATA[[TestResult name=loginLink status=SUCCESS method=LoginPage2Test.loginLink()[pri:0, instance:nopcommerce.LoginPage2Test@5467eea4] output={null}]]]>
              </value>
            </param>
          </params>
          <reporter-output>
          </reporter-output>
        </test-method> <!-- afterEachTestMethod -->
        <test-method is-config="true" signature="setUp(java.lang.String,java.lang.String,java.lang.String,java.lang.String,java.lang.String,java.lang.String,java.lang.String)[pri:0, instance:nopcommerce.LoginPage2Test@5467eea4]" started-at="2023-05-30T17:52:38 EDT" name="setUp" finished-at="2023-05-30T17:52:40 EDT" duration-ms="2276" status="PASS">
          <params>
            <param index="0">
              <value>
                <![CDATA[false]]>
              </value>
            </param>
            <param index="1">
              <value>
                <![CDATA[browserstack]]>
              </value>
            </param>
            <param index="2">
              <value>
                <![CDATA[windows]]>
              </value>
            </param>
            <param index="3">
              <value>
                <![CDATA[10]]>
              </value>
            </param>
            <param index="4">
              <value>
                <![CDATA[chrome]]>
              </value>
            </param>
            <param index="5">
              <value>
                <![CDATA[110]]>
              </value>
            </param>
            <param index="6">
              <value>
                <![CDATA[https://demo.nopcommerce.com]]>
              </value>
            </param>
          </params>
          <reporter-output>
          </reporter-output>
        </test-method> <!-- setUp -->
        <test-method is-config="true" signature="startExtent(java.lang.reflect.Method)[pri:0, instance:nopcommerce.LoginPage2Test@5467eea4]" started-at="2023-05-30T17:52:40 EDT" name="startExtent" finished-at="2023-05-30T17:52:40 EDT" duration-ms="0" status="PASS">
          <params>
            <param index="0">
              <value>
                <![CDATA[public void nopcommerce.LoginPage2Test.withoutEmail()]]>
              </value>
            </param>
          </params>
          <reporter-output>
          </reporter-output>
        </test-method> <!-- startExtent -->
        <test-method signature="withoutEmail()[pri:0, instance:nopcommerce.LoginPage2Test@5467eea4]" started-at="2023-05-30T17:52:40 EDT" name="withoutEmail" finished-at="2023-05-30T17:52:45 EDT" duration-ms="4117" status="PASS">
          <reporter-output>
          </reporter-output>
        </test-method> <!-- withoutEmail -->
        <test-method is-config="true" signature="afterEachTestMethod(org.testng.ITestResult)[pri:0, instance:nopcommerce.LoginPage2Test@5467eea4]" started-at="2023-05-30T17:52:45 EDT" name="afterEachTestMethod" finished-at="2023-05-30T17:52:45 EDT" duration-ms="402" status="PASS">
          <params>
            <param index="0">
              <value>
                <![CDATA[[TestResult name=withoutEmail status=SUCCESS method=LoginPage2Test.withoutEmail()[pri:0, instance:nopcommerce.LoginPage2Test@5467eea4] output={null}]]]>
              </value>
            </param>
          </params>
          <reporter-output>
          </reporter-output>
        </test-method> <!-- afterEachTestMethod -->
        <test-method is-config="true" signature="setUp(java.lang.String,java.lang.String,java.lang.String,java.lang.String,java.lang.String,java.lang.String,java.lang.String)[pri:0, instance:nopcommerce.LoginPage2Test@5467eea4]" started-at="2023-05-30T17:52:45 EDT" name="setUp" finished-at="2023-05-30T17:52:47 EDT" duration-ms="2441" status="PASS">
          <params>
            <param index="0">
              <value>
                <![CDATA[false]]>
              </value>
            </param>
            <param index="1">
              <value>
                <![CDATA[browserstack]]>
              </value>
            </param>
            <param index="2">
              <value>
                <![CDATA[windows]]>
              </value>
            </param>
            <param index="3">
              <value>
                <![CDATA[10]]>
              </value>
            </param>
            <param index="4">
              <value>
                <![CDATA[chrome]]>
              </value>
            </param>
            <param index="5">
              <value>
                <![CDATA[110]]>
              </value>
            </param>
            <param index="6">
              <value>
                <![CDATA[https://demo.nopcommerce.com]]>
              </value>
            </param>
[...]
              </value>
            </param>
          </params>
          <reporter-output>
          </reporter-output>
        </test-method> <!-- afterEachTestMethod -->
      </class> <!-- nopcommerce.RemoveItemTest -->
    </test> <!-- RemoveItemTest -->
    <test started-at="2023-05-30T17:52:57 EDT" name="RegisterTest" finished-at="2023-05-30T17:53:24 EDT" duration-ms="26936">
      <class name="nopcommerce.RegisterTest">
        <test-method is-config="true" signature="extentSetup(org.testng.ITestContext)[pri:0, instance:nopcommerce.RegisterTest@12a160c2]" started-at="2023-05-30T17:50:47 EDT" name="extentSetup" finished-at="2023-05-30T17:50:47 EDT" duration-ms="184" status="PASS">
          <params>
            <param index="0">
              <value>
                <![CDATA[org.testng.TestRunner@118f2486]]>
              </value>
            </param>
          </params>
          <reporter-output>
            <line>
              <![CDATA[Extent Report DirectoryC:\Users\saidu\IdeaProjects\team2project\test-output\html]]>
            </line>
          </reporter-output>
        </test-method> <!-- extentSetup -->
        <test-method is-config="true" signature="setUp(java.lang.String,java.lang.String,java.lang.String,java.lang.String,java.lang.String,java.lang.String,java.lang.String)[pri:0, instance:nopcommerce.RegisterTest@12a160c2]" started-at="2023-05-30T17:52:57 EDT" name="setUp" finished-at="2023-05-30T17:53:00 EDT" duration-ms="2496" status="PASS">
          <params>
            <param index="0">
              <value>
                <![CDATA[false]]>
              </value>
            </param>
            <param index="1">
              <value>
                <![CDATA[browserstack]]>
              </value>
            </param>
            <param index="2">
              <value>
                <![CDATA[windows]]>
              </value>
            </param>
            <param index="3">
              <value>
                <![CDATA[10]]>
              </value>
            </param>
            <param index="4">
              <value>
                <![CDATA[chrome]]>
              </value>
            </param>
            <param index="5">
              <value>
                <![CDATA[110]]>
              </value>
            </param>
            <param index="6">
              <value>
                <![CDATA[https://demo.nopcommerce.com]]>
              </value>
            </param>
          </params>
          <reporter-output>
          </reporter-output>
        </test-method> <!-- setUp -->
        <test-method is-config="true" signature="startExtent(java.lang.reflect.Method)[pri:0, instance:nopcommerce.RegisterTest@12a160c2]" started-at="2023-05-30T17:53:00 EDT" name="startExtent" finished-at="2023-05-30T17:53:00 EDT" duration-ms="0" status="PASS">
          <params>
            <param index="0">
              <value>
                <![CDATA[public void nopcommerce.RegisterTest.newUser()]]>
              </value>
            </param>
          </params>
          <reporter-output>
          </reporter-output>
        </test-method> <!-- startExtent -->
        <test-method signature="newUser()[pri:0, instance:nopcommerce.RegisterTest@12a160c2]" started-at="2023-05-30T17:53:00 EDT" name="newUser" finished-at="2023-05-30T17:53:13 EDT" duration-ms="12685" status="FAIL">
          <exception class="org.openqa.selenium.NoSuchElementException">
            <message>
              <![CDATA[no such element: Unable to locate element: {"method":"xpath","selector":"//div[@class='result']"}
  (Session info: chrome=113.0.5672.127)
For documentation on this error, please visit: https://selenium.dev/exceptions/#no_such_element
Build info: version: '4.8.3', revision: 'e5e76298c3'
System info: os.name: 'Windows 11', os.arch: 'amd64', os.version: '10.0', java.version: '20'
Driver info: org.openqa.selenium.chrome.ChromeDriver
Command: [34545dc3cd26aca3d26569ad5d85b863, findElement {using=xpath, value=//div[@class='result']}]
Capabilities {acceptInsecureCerts: false, browserName: chrome, browserVersion: 113.0.5672.127, chrome: {chromedriverVersion: 113.0.5672.63 (0e1a4471d5ae..., userDataDir: C:\Users\saidu\AppData\Loca...}, goog:chromeOptions: {debuggerAddress: localhost:63925}, networkConnectionEnabled: false, pageLoadStrategy: normal, platformName: WINDOWS, proxy: Proxy(), se:cdp: ws://localhost:63925/devtoo..., se:cdpVersion: 113.0.5672.127, setWindowRect: true, strictFileInteractability: false, timeouts: {implicit: 0, pageLoad: 300000, script: 30000}, unhandledPromptBehavior: dismiss and notify, webauthn:extension:credBlob: true, webauthn:extension:largeBlob: true, webauthn:extension:minPinLength: true, webauthn:extension:prf: true, webauthn:virtualAuthenticators: true}
Session ID: 34545dc3cd26aca3d26569ad5d85b863]]>
            </message>
            <full-stacktrace>
              <![CDATA[org.openqa.selenium.NoSuchElementException: no such element: Unable to locate element: {"method":"xpath","selector":"//div[@class='result']"}
  (Session info: chrome=113.0.5672.127)
For documentation on this error, please visit: https://selenium.dev/exceptions/#no_such_element
Build info: version: '4.8.3', revision: 'e5e76298c3'
System info: os.name: 'Windows 11', os.arch: 'amd64', os.version: '10.0', java.version: '20'
Driver info: org.openqa.selenium.chrome.ChromeDriver
Command: [34545dc3cd26aca3d26569ad5d85b863, findElement {using=xpath, value=//div[@class='result']}]
Capabilities {acceptInsecureCerts: false, browserName: chrome, browserVersion: 113.0.5672.127, chrome: {chromedriverVersion: 113.0.5672.63 (0e1a4471d5ae..., userDataDir: C:\Users\saidu\AppData\Loca...}, goog:chromeOptions: {debuggerAddress: localhost:63925}, networkConnectionEnabled: false, pageLoadStrategy: normal, platformName: WINDOWS, proxy: Proxy(), se:cdp: ws://localhost:63925/devtoo..., se:cdpVersion: 113.0.5672.127, setWindowRect: true, strictFileInteractability: false, timeouts: {implicit: 0, pageLoad: 300000, script: 30000}, unhandledPromptBehavior: dismiss and notify, webauthn:extension:credBlob: true, webauthn:extension:largeBlob: true, webauthn:extension:minPinLength: true, webauthn:extension:prf: true, webauthn:virtualAuthenticators: true}
Session ID: 34545dc3cd26aca3d26569ad5d85b863
at java.base/jdk.internal.reflect.DirectConstructorHandleAccessor.newInstance(DirectConstructorHandleAccessor.java:67)
at java.base/java.lang.reflect.Constructor.newInstanceWithCaller(Constructor.java:500)
at java.base/java.lang.reflect.Constructor.newInstance(Constructor.java:484)
at org.openqa.selenium.remote.codec.w3c.W3CHttpResponseCodec.createException(W3CHttpResponseCodec.java:200)
at org.openqa.selenium.remote.codec.w3c.W3CHttpResponseCodec.decode(W3CHttpResponseCodec.java:133)
at org.openqa.selenium.remote.codec.w3c.W3CHttpResponseCodec.decode(W3CHttpResponseCodec.java:53)
at org.openqa.selenium.remote.HttpCommandExecutor.execute(HttpCommandExecutor.java:193)
at org.openqa.selenium.remote.service.DriverCommandExecutor.invokeExecute(DriverCommandExecutor.java:183)
at org.openqa.selenium.remote.service.DriverCommandExecutor.execute(DriverCommandExecutor.java:158)
at org.openqa.selenium.remote.RemoteWebDriver.execute(RemoteWebDriver.java:543)
at org.openqa.selenium.remote.ElementLocation$ElementFinder$2.findElement(ElementLocation.java:162)
at org.openqa.selenium.remote.ElementLocation.findElement(ElementLocation.java:60)
at org.openqa.selenium.remote.RemoteWebDriver.findElement(RemoteWebDriver.java:352)
at org.openqa.selenium.remote.RemoteWebDriver.findElement(RemoteWebDriver.java:344)
at org.openqa.selenium.support.pagefactory.DefaultElementLocator.findElement(DefaultElementLocator.java:70)
at org.openqa.selenium.support.pagefactory.internal.LocatingElementHandler.invoke(LocatingElementHandler.java:39)
at jdk.proxy2/jdk.proxy2.$Proxy34.getText(Unknown Source)
at team2.base.CommonAPI.getElementText(CommonAPI.java:204)
at team2.npcommercepages.RegisterPage1.registrationValidationText(RegisterPage1.java:161)
at nopcommerce.RegisterTest.newUser(RegisterTest.java:34)
at java.base/jdk.internal.reflect.DirectMethodHandleAccessor.invoke(DirectMethodHandleAccessor.java:104)
at java.base/java.lang.reflect.Method.invoke(Method.java:578)
at org.testng.internal.invokers.MethodInvocationHelper.invokeMethod(MethodInvocationHelper.java:139)
at org.testng.internal.invokers.TestInvoker.invokeMethod(TestInvoker.java:677)
at org.testng.internal.invokers.TestInvoker.invokeTestMethod(TestInvoker.java:221)
at org.testng.internal.invokers.MethodRunner.runInSequence(MethodRunner.java:50)
at org.testng.internal.invokers.TestInvoker$MethodInvocationAgent.invoke(TestInvoker.java:969)
at org.testng.internal.invokers.TestInvoker.invokeTestMethods(TestInvoker.java:194)
at org.testng.internal.invokers.TestMethodWorker.invokeTestMethods(TestMethodWorker.java:148)
at org.testng.internal.invokers.TestMethodWorker.run(TestMethodWorker.java:128)
at java.base/java.util.ArrayList.forEach(ArrayList.java:1511)
at org.testng.TestRunner.privateRun(TestRunner.java:829)
at org.testng.TestRunner.run(TestRunner.java:602)
at org.testng.SuiteRunner.runTest(SuiteRunner.java:437)
at org.testng.SuiteRunner.runSequentially(SuiteRunner.java:431)
at org.testng.SuiteRunner.privateRun(SuiteRunner.java:391)
at org.testng.SuiteRunner.run(SuiteRunner.java:330)
at org.testng.SuiteRunnerWorker.runSuite(SuiteRunnerWorker.java:52)
at org.testng.SuiteRunnerWorker.run(SuiteRunnerWorker.java:95)
at org.testng.TestNG.runSuitesSequentially(TestNG.java:1256)
at org.testng.TestNG.runSuitesLocally(TestNG.java:1176)
at org.testng.TestNG.runSuites(TestNG.java:1099)
at org.testng.TestNG.run(TestNG.java:1067)
at com.intellij.rt.testng.IDEARemoteTestNG.run(IDEARemoteTestNG.java:66)
at com.intellij.rt.testng.RemoteTestNGStarter.main(RemoteTestNGStarter.java:105)
]]>
            </full-stacktrace>
          </exception> <!-- org.openqa.selenium.NoSuchElementException -->
          <reporter-output>
          </reporter-output>
        </test-method> <!-- newUser -->
        <test-method is-config="true" signature="afterEachTestMethod(org.testng.ITestResult)[pri:0, instance:nopcommerce.RegisterTest@12a160c2]" started-at="2023-05-30T17:53:13 EDT" name="afterEachTestMethod" finished-at="2023-05-30T17:53:13 EDT" duration-ms="433" status="PASS">
          <params>
            <param index="0">
              <value>
                <![CDATA[[TestResult name=newUser status=FAILURE method=RegisterTest.newUser()[pri:0, instance:nopcommerce.RegisterTest@12a160c2] output={null}]]]>
              </value>
            </param>
          </params>
          <reporter-output>
          </reporter-output>
        </test-method> <!-- afterEachTestMethod -->
        <test-method is-config="true" signature="setUp(java.lang.String,java.lang.String,java.lang.String,java.lang.String,java.lang.String,java.lang.String,java.lang.String)[pri:0, instance:nopcommerce.RegisterTest@12a160c2]" started-at="2023-05-30T17:53:13 EDT" name="setUp" finished-at="2023-05-30T17:53:15 EDT" duration-ms="2180" status="PASS">
          <params>
            <param index="0">
              <value>
                <![CDATA[false]]>
              </value>
            </param>
            <param index="1">
              <value>
                <![CDATA[browserstack]]>
              </value>
            </param>
            <param index="2">
              <value>
                <![CDATA[windows]]>
              </value>
            </param>
            <param index="3">
              <value>
                <![CDATA[10]]>
              </value>
            </param>
            <param index="4">
              <value>
                <![CDATA[chrome]]>
              </value>
            </param>
            <param index="5">
              <value>
                <![CDATA[110]]>
              </value>
            </param>
            <param index="6">
              <value>
                <![CDATA[https://demo.nopcommerce.com]]>
              </value>
            </param>
          </params>
          <reporter-output>
          </reporter-output>
        </test-method> <!-- setUp -->
        <test-method is-config="true" signature="startExtent(java.lang.reflect.Method)[pri:0, instance:nopcommerce.RegisterTest@12a160c2]" started-at="2023-05-30T17:53:15 EDT" name="startExtent" finished-at="2023-05-30T17:53:15 EDT" duration-ms="1" status="PASS">
          <params>
            <param index="0">
              <value>
                <![CDATA[public void nopcommerce.RegisterTest.passwordRecovery()]]>
              </value>
            </param>
          </params>
          <reporter-output>
          </reporter-output>
        </test-method> <!-- startExtent -->
        <test-method signature="passwordRecovery()[pri:0, instance:nopcommerce.RegisterTest@12a160c2]" started-at="2023-05-30T17:53:15 EDT" name="passwordRecovery" finished-at="2023-05-30T17:53:18 EDT" duration-ms="2787" status="FAIL">
          <exception class="java.lang.AssertionError">
            <message>
              <![CDATA[expected [Email not found.] but found [Email with instructions has been sent to you.]]]>
            </message>
            <full-stacktrace>
              <![CDATA[java.lang.AssertionError: expected [Email not found.] but found [Email with instructions has been sent to you.]
at org.testng.Assert.fail(Assert.java:110)
at org.testng.Assert.failNotEquals(Assert.java:1577)
at org.testng.Assert.assertEqualsImpl(Assert.java:149)
at org.testng.Assert.assertEquals(Assert.java:131)
at org.testng.Assert.assertEquals(Assert.java:655)
at org.testng.Assert.assertEquals(Assert.java:665)
at nopcommerce.RegisterTest.passwordRecovery(RegisterTest.java:80)
at java.base/jdk.internal.reflect.DirectMethodHandleAccessor.invoke(DirectMethodHandleAccessor.java:104)
at java.base/java.lang.reflect.Method.invoke(Method.java:578)
at org.testng.internal.invokers.MethodInvocationHelper.invokeMethod(MethodInvocationHelper.java:139)
at org.testng.internal.invokers.TestInvoker.invokeMethod(TestInvoker.java:677)
at org.testng.internal.invokers.TestInvoker.invokeTestMethod(TestInvoker.java:221)
at org.testng.internal.invokers.MethodRunner.runInSequence(MethodRunner.java:50)
at org.testng.internal.invokers.TestInvoker$MethodInvocationAgent.invoke(TestInvoker.java:969)
at org.testng.internal.invokers.TestInvoker.invokeTestMethods(TestInvoker.java:194)
at org.testng.internal.invokers.TestMethodWorker.invokeTestMethods(TestMethodWorker.java:148)
at org.testng.internal.invokers.TestMethodWorker.run(TestMethodWorker.java:128)
at java.base/java.util.ArrayList.forEach(ArrayList.java:1511)
at org.testng.TestRunner.privateRun(TestRunner.java:829)
at org.testng.TestRunner.run(TestRunner.java:602)
at org.testng.SuiteRunner.runTest(SuiteRunner.java:437)
at org.testng.SuiteRunner.runSequentially(SuiteRunner.java:431)
at org.testng.SuiteRunner.privateRun(SuiteRunner.java:391)
at org.testng.SuiteRunner.run(SuiteRunner.java:330)
at org.testng.SuiteRunnerWorker.runSuite(SuiteRunnerWorker.java:52)
at org.testng.SuiteRunnerWorker.run(SuiteRunnerWorker.java:95)
at org.testng.TestNG.runSuitesSequentially(TestNG.java:1256)
at org.testng.TestNG.runSuitesLocally(TestNG.java:1176)
at org.testng.TestNG.runSuites(TestNG.java:1099)
at org.testng.TestNG.run(TestNG.java:1067)
at com.intellij.rt.testng.IDEARemoteTestNG.run(IDEARemoteTestNG.java:66)
at com.intellij.rt.testng.RemoteTestNGStarter.main(RemoteTestNGStarter.java:105)
]]>
            </full-stacktrace>
          </exception> <!-- java.lang.AssertionError -->
          <reporter-output>
          </reporter-output>
        </test-method> <!-- passwordRecovery -->
        <test-method is-config="true" signature="afterEachTestMethod(org.testng.ITestResult)[pri:0, instance:nopcommerce.RegisterTest@12a160c2]" started-at="2023-05-30T17:53:18 EDT" name="afterEachTestMethod" finished-at="2023-05-30T17:53:18 EDT" duration-ms="353" status="PASS">
          <params>
            <param index="0">
              <value>
                <![CDATA[[TestResult name=passwordRecovery status=FAILURE method=RegisterTest.passwordRecovery()[pri:0, instance:nopcommerce.RegisterTest@12a160c2] output={null}]]]>
              </value>
            </param>
          </params>
          <reporter-output>
          </reporter-output>
        </test-method> <!-- afterEachTestMethod -->
        <test-method is-config="true" signature="setUp(java.lang.String,java.lang.String,java.lang.String,java.lang.String,java.lang.String,java.lang.String,java.lang.String)[pri:0, instance:nopcommerce.RegisterTest@12a160c2]" started-at="2023-05-30T17:53:18 EDT" name="setUp" finished-at="2023-05-30T17:53:21 EDT" duration-ms="2642" status="PASS">
          <params>
            <param index="0">
              <value>
                <![CDATA[false]]>
              </value>
            </param>
            <param index="1">
              <value>
                <![CDATA[browserstack]]>
              </value>
            </param>
            <param index="2">
              <value>
                <![CDATA[windows]]>
              </value>
            </param>
            <param index="3">
              <value>
                <![CDATA[10]]>
              </value>
            </param>
            <param index="4">
              <value>
                <![CDATA[chrome]]>
              </value>
            </param>
            <param index="5">
              <value>
                <![CDATA[110]]>
              </value>
            </param>
            <param index="6">
              <value>
                <![CDATA[https://demo.nopcommerce.com]]>
              </value>
            </param>
          </params>
          <reporter-output>
          </reporter-output>
        </test-method> <!-- setUp -->
        <test-method is-config="true" signature="startExtent(java.lang.reflect.Method)[pri:0, instance:nopcommerce.RegisterTest@12a160c2]" started-at="2023-05-30T17:53:21 EDT" name="startExtent" finished-at="2023-05-30T17:53:21 EDT" duration-ms="4" status="PASS">
          <params>
            <param index="0">
              <value>
                <![CDATA[public void nopcommerce.RegisterTest.reRegister()]]>
              </value>
            </param>
          </params>
          <reporter-output>
          </reporter-output>
        </test-method> <!-- startExtent -->
        <test-method signature="reRegister()[pri:0, instance:nopcommerce.RegisterTest@12a160c2]" started-at="2023-05-30T17:53:21 EDT" name="reRegister" finished-at="2023-05-30T17:53:24 EDT" duration-ms="2990" status="PASS">
          <reporter-output>
          </reporter-output>
        </test-method> <!-- reRegister -->
        <test-method is-config="true" signature="afterEachTestMethod(org.testng.ITestResult)[pri:0, instance:nopcommerce.RegisterTest@12a160c2]" started-at="2023-05-30T17:53:24 EDT" name="afterEachTestMethod" finished-at="2023-05-30T17:53:24 EDT" duration-ms="334" status="PASS">
          <params>
            <param index="0">
              <value>
                <![CDATA[[TestResult name=reRegister status=SUCCESS method=RegisterTest.reRegister()[pri:0, instance:nopcommerce.RegisterTest@12a160c2] output={null}]]]>
              </value>
            </param>
          </params>
          <reporter-output>
          </reporter-output>
        </test-method> <!-- afterEachTestMethod -->
        <test-method is-config="true" signature="generateReport()[pri:0, instance:nopcommerce.RegisterTest@12a160c2]" started-at="2023-05-30T17:53:24 EDT" name="generateReport" finished-at="2023-05-30T17:53:24 EDT" duration-ms="39" status="PASS">
          <reporter-output>
          </reporter-output>
        </test-method> <!-- generateReport -->
      </class> <!-- nopcommerce.RegisterTest -->
    </test> <!-- RegisterTest -->
  </suite> <!-- nopcommerce test -->
</testng-results>
