<?xml version="1.0" encoding="UTF-8"?>
<!-- Generated by org.testng.reporters.JUnitReportReporter -->
<testsuite hostname="DESKTOP-TESS5PJ" failures="0" tests="1" name="nopcommerce.SecondLoginPageTest" time="8.483" errors="1" timestamp="2023-05-29T12:01:38 EDT" skipped="0">
  <testcase classname="nopcommerce.SecondLoginPageTest" name="UserLogin" time="8.483">
    <error type="java.lang.StackOverflowError">
      <![CDATA[java.lang.StackOverflowError
at java.base/java.lang.StackStreamFactory$AbstractStackWalker.fetchStackFrames(StackStreamFactory.java:427)
at java.base/java.lang.StackStreamFactory$AbstractStackWalker.getNextBatch(StackStreamFactory.java:347)
at java.base/java.lang.StackStreamFactory$AbstractStackWalker.peekFrame(StackStreamFactory.java:281)
at java.base/java.lang.StackStreamFactory$AbstractStackWalker.hasNext(StackStreamFactory.java:391)
at java.base/java.lang.StackStreamFactory$StackFrameTraverser.tryAdvance(StackStreamFactory.java:645)
at java.base/java.util.stream.ReferencePipeline.forEachWithCancel(ReferencePipeline.java:129)
at java.base/java.util.stream.AbstractPipeline.copyIntoWithCancel(AbstractPipeline.java:527)
at java.base/java.util.stream.AbstractPipeline.copyInto(AbstractPipeline.java:513)
at java.base/java.util.stream.AbstractPipeline.wrapAndCopyInto(AbstractPipeline.java:499)
at java.base/java.util.stream.FindOps$FindOp.evaluateSequential(FindOps.java:150)
at java.base/java.util.stream.AbstractPipeline.evaluate(AbstractPipeline.java:234)
at java.base/java.util.stream.ReferencePipeline.findFirst(ReferencePipeline.java:647)
at org.apache.logging.log4j.util.StackLocator.lambda$getCallerClass$6(StackLocator.java:69)
at java.base/java.lang.StackStreamFactory$StackFrameTraverser.consumeFrames(StackStreamFactory.java:586)
at java.base/java.lang.StackStreamFactory$AbstractStackWalker.doStackWalk(StackStreamFactory.java:324)
at java.base/java.lang.StackStreamFactory$AbstractStackWalker.callStackWalk(Native Method)
at java.base/java.lang.StackStreamFactory$AbstractStackWalker.beginStackWalk(StackStreamFactory.java:410)
at java.base/java.lang.StackStreamFactory$AbstractStackWalker.walkHelper(StackStreamFactory.java:261)
at java.base/java.lang.StackStreamFactory$AbstractStackWalker.walk(StackStreamFactory.java:253)
at java.base/java.lang.StackWalker.walk(StackWalker.java:589)
at org.apache.logging.log4j.util.StackLocator.getCallerClass(StackLocator.java:65)
at org.apache.logging.log4j.util.StackLocatorUtil.getCallerClass(StackLocatorUtil.java:70)
at org.apache.logging.log4j.util.StackLocatorUtil.getCallerClass(StackLocatorUtil.java:58)
at org.apache.logging.log4j.core.selector.ClassLoaderContextSelector.getContext(ClassLoaderContextSelector.java:138)
at org.apache.logging.log4j.core.selector.ClassLoaderContextSelector.getContext(ClassLoaderContextSelector.java:123)
at org.apache.logging.log4j.core.impl.Log4jContextFactory.getContext(Log4jContextFactory.java:230)
at org.apache.logging.log4j.core.impl.Log4jContextFactory.getContext(Log4jContextFactory.java:47)
at org.apache.logging.log4j.LogManager.getContext(LogManager.java:176)
at org.apache.logging.log4j.LogManager.getLogger(LogManager.java:666)
at team2.base.CommonAPI.<init>(CommonAPI.java:39)
at nopcommerce.SecondLoginPageTest.<init>(SecondLoginPageTest.java:11)
at nopcommerce.SecondLoginPageTest.UserLogin(SecondLoginPageTest.java:19)
at nopcommerce.SecondLoginPageTest.UserLogin(SecondLoginPageTest.java:20)
at nopcommerce.SecondLoginPageTest.UserLogin(SecondLoginPageTest.java:20)
at nopcommerce.SecondLoginPageTest.UserLogin(SecondLoginPageTest.java:20)
at nopcommerce.SecondLoginPageTest.UserLogin(SecondLoginPageTest.java:20)
at nopcommerce.SecondLoginPageTest.UserLogin(SecondLoginPageTest.java:20)
at nopcommerce.SecondLoginPageTest.UserLogin(SecondLoginPageTest.java:20)
at nopcommerce.SecondLoginPageTest.UserLogin(SecondLoginPageTest.java:20)
at nopcommerce.SecondLoginPageTest.UserLogin(SecondLoginPageTest.java:20)
at nopcommerce.SecondLoginPageTest.UserLogin(SecondLoginPageTest.java:20)
at nopcommerce.SecondLoginPageTest.UserLogin(SecondLoginPageTest.java:20)
at nopcommerce.SecondLoginPageTest.UserLogin(SecondLoginPageTest.java:20)
at nopcommerce.SecondLoginPageTest.UserLogin(SecondLoginPageTest.java:20)
at nopcommerce.SecondLoginPageTest.UserLogin(SecondLoginPageTest.java:20)
at nopcommerce.SecondLoginPageTest.UserLogin(SecondLoginPageTest.java:20)
at nopcommerce.SecondLoginPageTest.UserLogin(SecondLoginPageTest.java:20)
at nopcommerce.SecondLoginPageTest.UserLogin(SecondLoginPageTest.java:20)
at nopcommerce.SecondLoginPageTest.UserLogin(SecondLoginPageTest.java:20)
at nopcommerce.SecondLoginPageTest.UserLogin(SecondLoginPageTest.java:20)
at nopcommerce.SecondLoginPageTest.UserLogin(SecondLoginPageTest.java:20)
at nopcommerce.SecondLoginPageTest.UserLogin(SecondLoginPageTest.java:20)
at nopcommerce.SecondLoginPageTest.UserLogin(SecondLoginPageTest.java:20)
at nopcommerce.SecondLoginPageTest.UserLogin(SecondLoginPageTest.java:20)
at nopcommerce.SecondLoginPageTest.UserLogin(SecondLoginPageTest.java:20)
at nopcommerce.SecondLoginPageTest.UserLogin(SecondLoginPageTest.java:20)
at nopcommerce.SecondLoginPageTest.UserLogin(SecondLoginPageTest.java:20)
at nopcommerce.SecondLoginPageTest.UserLogin(SecondLoginPageTest.java:20)
at nopcommerce.SecondLoginPageTest.UserLogin(SecondLoginPageTest.java:20)
at nopcommerce.SecondLoginPageTest.UserLogin(SecondLoginPageTest.java:20)
at nopcommerce.SecondLoginPageTest.UserLogin(SecondLoginPageTest.java:20)
at nopcommerce.SecondLoginPageTest.UserLogin(SecondLoginPageTest.java:20)
at nopcommerce.SecondLoginPageTest.UserLogin(SecondLoginPageTest.java:20)
at nopcommerce.SecondLoginPageTest.UserLogin(SecondLoginPageTest.java:20)
at nopcommerce.SecondLoginPageTest.UserLogin(SecondLoginPageTest.java:20)
at nopcommerce.SecondLoginPageTest.UserLogin(SecondLoginPageTest.java:20)
at nopcommerce.SecondLoginPageTest.UserLogin(SecondLoginPageTest.java:20)
at nopcommerce.SecondLoginPageTest.UserLogin(SecondLoginPageTest.java:20)
at nopcommerce.SecondLoginPageTest.UserLogin(SecondLoginPageTest.java:20)
at nopcommerce.SecondLoginPageTest.UserLogin(SecondLoginPageTest.java:20)
at nopcommerce.SecondLoginPageTest.UserLogin(SecondLoginPageTest.java:20)
at nopcommerce.SecondLoginPageTest.UserLogin(SecondLoginPageTest.java:20)
at nopcommerce.SecondLoginPageTest.UserLogin(SecondLoginPageTest.java:20)
at nopcommerce.SecondLoginPageTest.UserLogin(SecondLoginPageTest.java:20)
at nopcommerce.SecondLoginPageTest.UserLogin(SecondLoginPageTest.java:20)
at nopcommerce.SecondLoginPageTest.UserLogin(SecondLoginPageTest.java:20)
at nopcommerce.SecondLoginPageTest.UserLogin(SecondLoginPageTest.java:20)
at nopcommerce.SecondLoginPageTest.UserLogin(SecondLoginPageTest.java:20)
at nopcommerce.SecondLoginPageTest.UserLogin(SecondLoginPageTest.java:20)
at nopcommerce.SecondLoginPageTest.UserLogin(SecondLoginPageTest.java:20)
at nopcommerce.SecondLoginPageTest.UserLogin(SecondLoginPageTest.java:20)
at nopcommerce.SecondLoginPageTest.UserLogin(SecondLoginPageTest.java:20)
at nopcommerce.SecondLoginPageTest.UserLogin(SecondLoginPageTest.java:20)
at nopcommerce.SecondLoginPageTest.UserLogin(SecondLoginPageTest.java:20)
at nopcommerce.SecondLoginPageTest.UserLogin(SecondLoginPageTest.java:20)
at nopcommerce.SecondLoginPageTest.UserLogin(SecondLoginPageTest.java:20)
at nopcommerce.SecondLoginPageTest.UserLogin(SecondLoginPageTest.java:20)
at nopcommerce.SecondLoginPageTest.UserLogin(SecondLoginPageTest.java:20)
at nopcommerce.SecondLoginPageTest.UserLogin(SecondLoginPageTest.java:20)
at nopcommerce.SecondLoginPageTest.UserLogin(SecondLoginPageTest.java:20)
at nopcommerce.SecondLoginPageTest.UserLogin(SecondLoginPageTest.java:20)
at nopcommerce.SecondLoginPageTest.UserLogin(SecondLoginPageTest.java:20)
at nopcommerce.SecondLoginPageTest.UserLogin(SecondLoginPageTest.java:20)
at nopcommerce.SecondLoginPageTest.UserLogin(SecondLoginPageTest.java:20)
at nopcommerce.SecondLoginPageTest.UserLogin(SecondLoginPageTest.java:20)
at nopcommerce.SecondLoginPageTest.UserLogin(SecondLoginPageTest.java:20)
at nopcommerce.SecondLoginPageTest.UserLogin(SecondLoginPageTest.java:20)
at nopcommerce.SecondLoginPageTest.UserLogin(SecondLoginPageTest.java:20)
at nopcommerce.SecondLoginPageTest.UserLogin(SecondLoginPageTest.java:20)
at nopcommerce.SecondLoginPageTest.UserLogin(SecondLoginPageTest.java:20)
at nopcommerce.SecondLoginPageTest.UserLogin(SecondLoginPageTest.java:20)
at nopcommerce.SecondLoginPageTest.UserLogin(SecondLoginPageTest.java:20)
at nopcommerce.SecondLoginPageTest.UserLogin(SecondLoginPageTest.java:20)
at nopcommerce.SecondLoginPageTest.UserLogin(SecondLoginPageTest.java:20)
at nopcommerce.SecondLoginPageTest.UserLogin(SecondLoginPageTest.java:20)
at nopcommerce.SecondLoginPageTest.UserLogin(SecondLoginPageTest.java:20)
at nopcommerce.SecondLoginPageTest.UserLogin(SecondLoginPageTest.java:20)
at nopcommerce.SecondLoginPageTest.UserLogin(SecondLoginPageTest.java:20)
at nopcommerce.SecondLoginPageTest.UserLogin(SecondLoginPageTest.java:20)
at nopcommerce.SecondLoginPageTest.UserLogin(SecondLoginPageTest.java:20)
at nopcommerce.SecondLoginPageTest.UserLogin(SecondLoginPageTest.java:20)
at nopcommerce.SecondLoginPageTest.UserLogin(SecondLoginPageTest.java:20)
at nopcommerce.SecondLoginPageTest.UserLogin(SecondLoginPageTest.java:20)
at nopcommerce.SecondLoginPageTest.UserLogin(SecondLoginPageTest.java:20)
at nopcommerce.SecondLoginPageTest.UserLogin(SecondLoginPageTest.java:20)
at nopcommerce.SecondLoginPageTest.UserLogin(SecondLoginPageTest.java:20)
at nopcommerce.SecondLoginPageTest.UserLogin(SecondLoginPageTest.java:20)
at nopcommerce.SecondLoginPageTest.UserLogin(SecondLoginPageTest.java:20)
at nopcommerce.SecondLoginPageTest.UserLogin(SecondLoginPageTest.java:20)
at nopcommerce.SecondLoginPageTest.UserLogin(SecondLoginPageTest.java:20)
at nopcommerce.SecondLoginPageTest.UserLogin(SecondLoginPageTest.java:20)
at nopcommerce.SecondLoginPageTest.UserLogin(SecondLoginPageTest.java:20)
at nopcommerce.SecondLoginPageTest.UserLogin(SecondLoginPageTest.java:20)
at nopcommerce.SecondLoginPageTest.UserLogin(SecondLoginPageTest.java:20)
at nopcommerce.SecondLoginPageTest.UserLogin(SecondLoginPageTest.java:20)
at nopcommerce.SecondLoginPageTest.UserLogin(SecondLoginPageTest.java:20)
at nopcommerce.SecondLoginPageTest.UserLogin(SecondLoginPageTest.java:20)
at nopcommerce.SecondLoginPageTest.UserLogin(SecondLoginPageTest.java:20)
at nopcommerce.SecondLoginPageTest.UserLogin(SecondLoginPageTest.java:20)
at nopcommerce.SecondLoginPageTest.UserLogin(SecondLoginPageTest.java:20)
at nopcommerce.SecondLoginPageTest.UserLogin(SecondLoginPageTest.java:20)
at nopcommerce.SecondLoginPageTest.UserLogin(SecondLoginPageTest.java:20)
at nopcommerce.SecondLoginPageTest.UserLogin(SecondLoginPageTest.java:20)
at nopcommerce.SecondLoginPageTest.UserLogin(SecondLoginPageTest.java:20)
at nopcommerce.SecondLoginPageTest.UserLogin(SecondLoginPageTest.java:20)
at nopcommerce.SecondLoginPageTest.UserLogin(SecondLoginPageTest.java:20)
at nopcommerce.SecondLoginPageTest.UserLogin(SecondLoginPageTest.java:20)
at nopcommerce.SecondLoginPageTest.UserLogin(SecondLoginPageTest.java:20)
at nopcommerce.SecondLoginPageTest.UserLogin(SecondLoginPageTest.java:20)
at nopcommerce.SecondLoginPageTest.UserLogin(SecondLoginPageTest.java:20)
at nopcommerce.SecondLoginPageTest.UserLogin(SecondLoginPageTest.java:20)
at nopcommerce.SecondLoginPageTest.UserLogin(SecondLoginPageTest.java:20)
at nopcommerce.SecondLoginPageTest.UserLogin(SecondLoginPageTest.java:20)
at nopcommerce.SecondLoginPageTest.UserLogin(SecondLoginPageTest.java:20)
at nopcommerce.SecondLoginPageTest.UserLogin(SecondLoginPageTest.java:20)
at nopcommerce.SecondLoginPageTest.UserLogin(SecondLoginPageTest.java:20)
at nopcommerce.SecondLoginPageTest.UserLogin(SecondLoginPageTest.java:20)
at nopcommerce.SecondLoginPageTest.UserLogin(SecondLoginPageTest.java:20)
at nopcommerce.SecondLoginPageTest.UserLogin(SecondLoginPageTest.java:20)
at nopcommerce.SecondLoginPageTest.UserLogin(SecondLoginPageTest.java:20)
at nopcommerce.SecondLoginPageTest.UserLogin(SecondLoginPageTest.java:20)
at nopcommerce.SecondLoginPageTest.UserLogin(SecondLoginPageTest.java:20)
at nopcommerce.SecondLoginPageTest.UserLogin(SecondLoginPageTest.java:20)
at nopcommerce.SecondLoginPageTest.UserLogin(SecondLoginPageTest.java:20)
at nopcommerce.SecondLoginPageTest.UserLogin(SecondLoginPageTest.java:20)
at nopcommerce.SecondLoginPageTest.UserLogin(SecondLoginPageTest.java:20)
at nopcommerce.SecondLoginPageTest.UserLogin(SecondLoginPageTest.java:20)
at nopcommerce.SecondLoginPageTest.UserLogin(SecondLoginPageTest.java:20)
at nopcommerce.SecondLoginPageTest.UserLogin(SecondLoginPageTest.java:20)
at nopcommerce.SecondLoginPageTest.UserLogin(SecondLoginPageTest.java:20)
at nopcommerce.SecondLoginPageTest.UserLogin(SecondLoginPageTest.java:20)
at nopcommerce.SecondLoginPageTest.UserLogin(SecondLoginPageTest.java:20)
at nopcommerce.SecondLoginPageTest.UserLogin(SecondLoginPageTest.java:20)
at nopcommerce.SecondLoginPageTest.UserLogin(SecondLoginPageTest.java:20)
at nopcommerce.SecondLoginPageTest.UserLogin(SecondLoginPageTest.java:20)
at nopcommerce.SecondLoginPageTest.UserLogin(SecondLoginPageTest.java:20)
at nopcommerce.SecondLoginPageTest.UserLogin(SecondLoginPageTest.java:20)
at nopcommerce.SecondLoginPageTest.UserLogin(SecondLoginPageTest.java:20)
at nopcommerce.SecondLoginPageTest.UserLogin(SecondLoginPageTest.java:20)
at nopcommerce.SecondLoginPageTest.UserLogin(SecondLoginPageTest.java:20)
at nopcommerce.SecondLoginPageTest.UserLogin(SecondLoginPageTest.java:20)
at nopcommerce.SecondLoginPageTest.UserLogin(SecondLoginPageTest.java:20)
at nopcommerce.SecondLoginPageTest.UserLogin(SecondLoginPageTest.java:20)
at nopcommerce.SecondLoginPageTest.UserLogin(SecondLoginPageTest.java:20)
at nopcommerce.SecondLoginPageTest.UserLogin(SecondLoginPageTest.java:20)
at nopcommerce.SecondLoginPageTest.UserLogin(SecondLoginPageTest.java:20)
at nopcommerce.SecondLoginPageTest.UserLogin(SecondLoginPageTest.java:20)
at nopcommerce.SecondLoginPageTest.UserLogin(SecondLoginPageTest.java:20)
at nopcommerce.SecondLoginPageTest.UserLogin(SecondLoginPageTest.java:20)
at nopcommerce.SecondLoginPageTest.UserLogin(SecondLoginPageTest.java:20)
at nopcommerce.SecondLoginPageTest.UserLogin(SecondLoginPageTest.java:20)
at nopcommerce.SecondLoginPageTest.UserLogin(SecondLoginPageTest.java:20)
at nopcommerce.SecondLoginPageTest.UserLogin(SecondLoginPageTest.java:20)
at nopcommerce.SecondLoginPageTest.UserLogin(SecondLoginPageTest.java:20)
at nopcommerce.SecondLoginPageTest.UserLogin(SecondLoginPageTest.java:20)
at nopcommerce.SecondLoginPageTest.UserLogin(SecondLoginPageTest.java:20)
at nopcommerce.SecondLoginPageTest.UserLogin(SecondLoginPageTest.java:20)
at nopcommerce.SecondLoginPageTest.UserLogin(SecondLoginPageTest.java:20)
at nopcommerce.SecondLoginPageTest.UserLogin(SecondLoginPageTest.java:20)
at nopcommerce.SecondLoginPageTest.UserLogin(SecondLoginPageTest.java:20)
at nopcommerce.SecondLoginPageTest.UserLogin(SecondLoginPageTest.java:20)
at nopcommerce.SecondLoginPageTest.UserLogin(SecondLoginPageTest.java:20)
at nopcommerce.SecondLoginPageTest.UserLogin(SecondLoginPageTest.java:20)
at nopcommerce.SecondLoginPageTest.UserLogin(SecondLoginPageTest.java:20)
at nopcommerce.SecondLoginPageTest.UserLogin(SecondLoginPageTest.java:20)
at nopcommerce.SecondLoginPageTest.UserLogin(SecondLoginPageTest.java:20)
at nopcommerce.SecondLoginPageTest.UserLogin(SecondLoginPageTest.java:20)
at nopcommerce.SecondLoginPageTest.UserLogin(SecondLoginPageTest.java:20)
at nopcommerce.SecondLoginPageTest.UserLogin(SecondLoginPageTest.java:20)
at nopcommerce.SecondLoginPageTest.UserLogin(SecondLoginPageTest.java:20)
at nopcommerce.SecondLoginPageTest.UserLogin(SecondLoginPageTest.java:20)
at nopcommerce.SecondLoginPageTest.UserLogin(SecondLoginPageTest.java:20)
at nopcommerce.SecondLoginPageTest.UserLogin(SecondLoginPageTest.java:20)
at nopcommerce.SecondLoginPageTest.UserLogin(SecondLoginPageTest.java:20)
at nopcommerce.SecondLoginPageTest.UserLogin(SecondLoginPageTest.java:20)
at nopcommerce.SecondLoginPageTest.UserLogin(SecondLoginPageTest.java:20)
at nopcommerce.SecondLoginPageTest.UserLogin(SecondLoginPageTest.java:20)
at nopcommerce.SecondLoginPageTest.UserLogin(SecondLoginPageTest.java:20)
at nopcommerce.SecondLoginPageTest.UserLogin(SecondLoginPageTest.java:20)
at nopcommerce.SecondLoginPageTest.UserLogin(SecondLoginPageTest.java:20)
at nopcommerce.SecondLoginPageTest.UserLogin(SecondLoginPageTest.java:20)
at nopcommerce.SecondLoginPageTest.UserLogin(SecondLoginPageTest.java:20)
at nopcommerce.SecondLoginPageTest.UserLogin(SecondLoginPageTest.java:20)
at nopcommerce.SecondLoginPageTest.UserLogin(SecondLoginPageTest.java:20)
at nopcommerce.SecondLoginPageTest.UserLogin(SecondLoginPageTest.java:20)
at nopcommerce.SecondLoginPageTest.UserLogin(SecondLoginPageTest.java:20)
at nopcommerce.SecondLoginPageTest.UserLogin(SecondLoginPageTest.java:20)
at nopcommerce.SecondLoginPageTest.UserLogin(SecondLoginPageTest.java:20)
at nopcommerce.SecondLoginPageTest.UserLogin(SecondLoginPageTest.java:20)
at nopcommerce.SecondLoginPageTest.UserLogin(SecondLoginPageTest.java:20)
at nopcommerce.SecondLoginPageTest.UserLogin(SecondLoginPageTest.java:20)
at nopcommerce.SecondLoginPageTest.UserLogin(SecondLoginPageTest.java:20)
at nopcommerce.SecondLoginPageTest.UserLogin(SecondLoginPageTest.java:20)
at nopcommerce.SecondLoginPageTest.UserLogin(SecondLoginPageTest.java:20)
at nopcommerce.SecondLoginPageTest.UserLogin(SecondLoginPageTest.java:20)
at nopcommerce.SecondLoginPageTest.UserLogin(SecondLoginPageTest.java:20)
at nopcommerce.SecondLoginPageTest.UserLogin(SecondLoginPageTest.java:20)
at nopcommerce.SecondLoginPageTest.UserLogin(SecondLoginPageTest.java:20)
at nopcommerce.SecondLoginPageTest.UserLogin(SecondLoginPageTest.java:20)
at nopcommerce.SecondLoginPageTest.UserLogin(SecondLoginPageTest.java:20)
at nopcommerce.SecondLoginPageTest.UserLogin(SecondLoginPageTest.java:20)
at nopcommerce.SecondLoginPageTest.UserLogin(SecondLoginPageTest.java:20)
at nopcommerce.SecondLoginPageTest.UserLogin(SecondLoginPageTest.java:20)
at nopcommerce.SecondLoginPageTest.UserLogin(SecondLoginPageTest.java:20)
at nopcommerce.SecondLoginPageTest.UserLogin(SecondLoginPageTest.java:20)
at nopcommerce.SecondLoginPageTest.UserLogin(SecondLoginPageTest.java:20)
at nopcommerce.SecondLoginPageTest.UserLogin(SecondLoginPageTest.java:20)
at nopcommerce.SecondLoginPageTest.UserLogin(SecondLoginPageTest.java:20)
at nopcommerce.SecondLoginPageTest.UserLogin(SecondLoginPageTest.java:20)
at nopcommerce.SecondLoginPageTest.UserLogin(SecondLoginPageTest.java:20)
at nopcommerce.SecondLoginPageTest.UserLogin(SecondLoginPageTest.java:20)
at nopcommerce.SecondLoginPageTest.UserLogin(SecondLoginPageTest.java:20)
at nopcommerce.SecondLoginPageTest.UserLogin(SecondLoginPageTest.java:20)
at nopcommerce.SecondLoginPageTest.UserLogin(SecondLoginPageTest.java:20)
at nopcommerce.SecondLoginPageTest.UserLogin(SecondLoginPageTest.java:20)
at nopcommerce.SecondLoginPageTest.UserLogin(SecondLoginPageTest.java:20)
at nopcommerce.SecondLoginPageTest.UserLogin(SecondLoginPageTest.java:20)
at nopcommerce.SecondLoginPageTest.UserLogin(SecondLoginPageTest.java:20)
at nopcommerce.SecondLoginPageTest.UserLogin(SecondLoginPageTest.java:20)
at nopcommerce.SecondLoginPageTest.UserLogin(SecondLoginPageTest.java:20)
at nopcommerce.SecondLoginPageTest.UserLogin(SecondLoginPageTest.java:20)
at nopcommerce.SecondLoginPageTest.UserLogin(SecondLoginPageTest.java:20)
at nopcommerce.SecondLoginPageTest.UserLogin(SecondLoginPageTest.java:20)
at nopcommerce.SecondLoginPageTest.UserLogin(SecondLoginPageTest.java:20)
at nopcommerce.SecondLoginPageTest.UserLogin(SecondLoginPageTest.java:20)
at nopcommerce.SecondLoginPageTest.UserLogin(SecondLoginPageTest.java:20)
at nopcommerce.SecondLoginPageTest.UserLogin(SecondLoginPageTest.java:20)
at nopcommerce.SecondLoginPageTest.UserLogin(SecondLoginPageTest.java:20)
at nopcommerce.SecondLoginPageTest.UserLogin(SecondLoginPageTest.java:20)
at nopcommerce.SecondLoginPageTest.UserLogin(SecondLoginPageTest.java:20)
at nopcommerce.SecondLoginPageTest.UserLogin(SecondLoginPageTest.java:20)
at nopcommerce.SecondLoginPageTest.UserLogin(SecondLoginPageTest.java:20)
at nopcommerce.SecondLoginPageTest.UserLogin(SecondLoginPageTest.java:20)
at nopcommerce.SecondLoginPageTest.UserLogin(SecondLoginPageTest.java:20)
at nopcommerce.SecondLoginPageTest.UserLogin(SecondLoginPageTest.java:20)
at nopcommerce.SecondLoginPageTest.UserLogin(SecondLoginPageTest.java:20)
at nopcommerce.SecondLoginPageTest.UserLogin(SecondLoginPageTest.java:20)
at nopcommerce.SecondLoginPageTest.UserLogin(SecondLoginPageTest.java:20)
at nopcommerce.SecondLoginPageTest.UserLogin(SecondLoginPageTest.java:20)
at nopcommerce.SecondLoginPageTest.UserLogin(SecondLoginPageTest.java:20)
at nopcommerce.SecondLoginPageTest.UserLogin(SecondLoginPageTest.java:20)
at nopcommerce.SecondLoginPageTest.UserLogin(SecondLoginPageTest.java:20)
at nopcommerce.SecondLoginPageTest.UserLogin(SecondLoginPageTest.java:20)
at nopcommerce.SecondLoginPageTest.UserLogin(SecondLoginPageTest.java:20)
at nopcommerce.SecondLoginPageTest.UserLogin(SecondLoginPageTest.java:20)
at nopcommerce.SecondLoginPageTest.UserLogin(SecondLoginPageTest.java:20)
at nopcommerce.SecondLoginPageTest.UserLogin(SecondLoginPageTest.java:20)
at nopcommerce.SecondLoginPageTest.UserLogin(SecondLoginPageTest.java:20)
at nopcommerce.SecondLoginPageTest.UserLogin(SecondLoginPageTest.java:20)
at nopcommerce.SecondLoginPageTest.UserLogin(SecondLoginPageTest.java:20)
at nopcommerce.SecondLoginPageTest.UserLogin(SecondLoginPageTest.java:20)
at nopcommerce.SecondLoginPageTest.UserLogin(SecondLoginPageTest.java:20)
at nopcommerce.SecondLoginPageTest.UserLogin(SecondLoginPageTest.java:20)
at nopcommerce.SecondLoginPageTest.UserLogin(SecondLoginPageTest.java:20)
at nopcommerce.SecondLoginPageTest.UserLogin(SecondLoginPageTest.java:20)
at nopcommerce.SecondLoginPageTest.UserLogin(SecondLoginPageTest.java:20)
at nopcommerce.SecondLoginPageTest.UserLogin(SecondLoginPageTest.java:20)
at nopcommerce.SecondLoginPageTest.UserLogin(SecondLoginPageTest.java:20)
at nopcommerce.SecondLoginPageTest.UserLogin(SecondLoginPageTest.java:20)
at nopcommerce.SecondLoginPageTest.UserLogin(SecondLoginPageTest.java:20)
at nopcommerce.SecondLoginPageTest.UserLogin(SecondLoginPageTest.java:20)
at nopcommerce.SecondLoginPageTest.UserLogin(SecondLoginPageTest.java:20)
at nopcommerce.SecondLoginPageTest.UserLogin(SecondLoginPageTest.java:20)
at nopcommerce.SecondLoginPageTest.UserLogin(SecondLoginPageTest.java:20)
at nopcommerce.SecondLoginPageTest.UserLogin(SecondLoginPageTest.java:20)
at nopcommerce.SecondLoginPageTest.UserLogin(SecondLoginPageTest.java:20)
at nopcommerce.SecondLoginPageTest.UserLogin(SecondLoginPageTest.java:20)
at nopcommerce.SecondLoginPageTest.UserLogin(SecondLoginPageTest.java:20)
at nopcommerce.SecondLoginPageTest.UserLogin(SecondLoginPageTest.java:20)
at nopcommerce.SecondLoginPageTest.UserLogin(SecondLoginPageTest.java:20)
at nopcommerce.SecondLoginPageTest.UserLogin(SecondLoginPageTest.java:20)
at nopcommerce.SecondLoginPageTest.UserLogin(SecondLoginPageTest.java:20)
at nopcommerce.SecondLoginPageTest.UserLogin(SecondLoginPageTest.java:20)
at nopcommerce.SecondLoginPageTest.UserLogin(SecondLoginPageTest.java:20)
at nopcommerce.SecondLoginPageTest.UserLogin(SecondLoginPageTest.java:20)
at nopcommerce.SecondLoginPageTest.UserLogin(SecondLoginPageTest.java:20)
at nopcommerce.SecondLoginPageTest.UserLogin(SecondLoginPageTest.java:20)
at nopcommerce.SecondLoginPageTest.UserLogin(SecondLoginPageTest.java:20)
at nopcommerce.SecondLoginPageTest.UserLogin(SecondLoginPageTest.java:20)
at nopcommerce.SecondLoginPageTest.UserLogin(SecondLoginPageTest.java:20)
at nopcommerce.SecondLoginPageTest.UserLogin(SecondLoginPageTest.java:20)
at nopcommerce.SecondLoginPageTest.UserLogin(SecondLoginPageTest.java:20)
at nopcommerce.SecondLoginPageTest.UserLogin(SecondLoginPageTest.java:20)
at nopcommerce.SecondLoginPageTest.UserLogin(SecondLoginPageTest.java:20)
at nopcommerce.SecondLoginPageTest.UserLogin(SecondLoginPageTest.java:20)
at nopcommerce.SecondLoginPageTest.UserLogin(SecondLoginPageTest.java:20)
at nopcommerce.SecondLoginPageTest.UserLogin(SecondLoginPageTest.java:20)
at nopcommerce.SecondLoginPageTest.UserLogin(SecondLoginPageTest.java:20)
at nopcommerce.SecondLoginPageTest.UserLogin(SecondLoginPageTest.java:20)
at nopcommerce.SecondLoginPageTest.UserLogin(SecondLoginPageTest.java:20)
at nopcommerce.SecondLoginPageTest.UserLogin(SecondLoginPageTest.java:20)
at nopcommerce.SecondLoginPageTest.UserLogin(SecondLoginPageTest.java:20)
at nopcommerce.SecondLoginPageTest.UserLogin(SecondLoginPageTest.java:20)
at nopcommerce.SecondLoginPageTest.UserLogin(SecondLoginPageTest.java:20)
at nopcommerce.SecondLoginPageTest.UserLogin(SecondLoginPageTest.java:20)
at nopcommerce.SecondLoginPageTest.UserLogin(SecondLoginPageTest.java:20)
at nopcommerce.SecondLoginPageTest.UserLogin(SecondLoginPageTest.java:20)
at nopcommerce.SecondLoginPageTest.UserLogin(SecondLoginPageTest.java:20)
at nopcommerce.SecondLoginPageTest.UserLogin(SecondLoginPageTest.java:20)
at nopcommerce.SecondLoginPageTest.UserLogin(SecondLoginPageTest.java:20)
at nopcommerce.SecondLoginPageTest.UserLogin(SecondLoginPageTest.java:20)
at nopcommerce.SecondLoginPageTest.UserLogin(SecondLoginPageTest.java:20)
at nopcommerce.SecondLoginPageTest.UserLogin(SecondLoginPageTest.java:20)
at nopcommerce.SecondLoginPageTest.UserLogin(SecondLoginPageTest.java:20)
at nopcommerce.SecondLoginPageTest.UserLogin(SecondLoginPageTest.java:20)
at nopcommerce.SecondLoginPageTest.UserLogin(SecondLoginPageTest.java:20)
at nopcommerce.SecondLoginPageTest.UserLogin(SecondLoginPageTest.java:20)
at nopcommerce.SecondLoginPageTest.UserLogin(SecondLoginPageTest.java:20)
at nopcommerce.SecondLoginPageTest.UserLogin(SecondLoginPageTest.java:20)
at nopcommerce.SecondLoginPageTest.UserLogin(SecondLoginPageTest.java:20)
at nopcommerce.SecondLoginPageTest.UserLogin(SecondLoginPageTest.java:20)
at nopcommerce.SecondLoginPageTest.UserLogin(SecondLoginPageTest.java:20)
at nopcommerce.SecondLoginPageTest.UserLogin(SecondLoginPageTest.java:20)
at nopcommerce.SecondLoginPageTest.UserLogin(SecondLoginPageTest.java:20)
at nopcommerce.SecondLoginPageTest.UserLogin(SecondLoginPageTest.java:20)
at nopcommerce.SecondLoginPageTest.UserLogin(SecondLoginPageTest.java:20)
at nopcommerce.SecondLoginPageTest.UserLogin(SecondLoginPageTest.java:20)
at nopcommerce.SecondLoginPageTest.UserLogin(SecondLoginPageTest.java:20)
at nopcommerce.SecondLoginPageTest.UserLogin(SecondLoginPageTest.java:20)
at nopcommerce.SecondLoginPageTest.UserLogin(SecondLoginPageTest.java:20)
at nopcommerce.SecondLoginPageTest.UserLogin(SecondLoginPageTest.java:20)
at nopcommerce.SecondLoginPageTest.UserLogin(SecondLoginPageTest.java:20)
at nopcommerce.SecondLoginPageTest.UserLogin(SecondLoginPageTest.java:20)
at nopcommerce.SecondLoginPageTest.UserLogin(SecondLoginPageTest.java:20)
at nopcommerce.SecondLoginPageTest.UserLogin(SecondLoginPageTest.java:20)
at nopcommerce.SecondLoginPageTest.UserLogin(SecondLoginPageTest.java:20)
at nopcommerce.SecondLoginPageTest.UserLogin(SecondLoginPageTest.java:20)
at nopcommerce.SecondLoginPageTest.UserLogin(SecondLoginPageTest.java:20)
at nopcommerce.SecondLoginPageTest.UserLogin(SecondLoginPageTest.java:20)
at nopcommerce.SecondLoginPageTest.UserLogin(SecondLoginPageTest.java:20)
at nopcommerce.SecondLoginPageTest.UserLogin(SecondLoginPageTest.java:20)
at nopcommerce.SecondLoginPageTest.UserLogin(SecondLoginPageTest.java:20)
at nopcommerce.SecondLoginPageTest.UserLogin(SecondLoginPageTest.java:20)
at nopcommerce.SecondLoginPageTest.UserLogin(SecondLoginPageTest.java:20)
at nopcommerce.SecondLoginPageTest.UserLogin(SecondLoginPageTest.java:20)
at nopcommerce.SecondLoginPageTest.UserLogin(SecondLoginPageTest.java:20)
at nopcommerce.SecondLoginPageTest.UserLogin(SecondLoginPageTest.java:20)
at nopcommerce.SecondLoginPageTest.UserLogin(SecondLoginPageTest.java:20)
at nopcommerce.SecondLoginPageTest.UserLogin(SecondLoginPageTest.java:20)
at nopcommerce.SecondLoginPageTest.UserLogin(SecondLoginPageTest.java:20)
at nopcommerce.SecondLoginPageTest.UserLogin(SecondLoginPageTest.java:20)
at nopcommerce.SecondLoginPageTest.UserLogin(SecondLoginPageTest.java:20)
at nopcommerce.SecondLoginPageTest.UserLogin(SecondLoginPageTest.java:20)
at nopcommerce.SecondLoginPageTest.UserLogin(SecondLoginPageTest.java:20)
at nopcommerce.SecondLoginPageTest.UserLogin(SecondLoginPageTest.java:20)
at nopcommerce.SecondLoginPageTest.UserLogin(SecondLoginPageTest.java:20)
at nopcommerce.SecondLoginPageTest.UserLogin(SecondLoginPageTest.java:20)
at nopcommerce.SecondLoginPageTest.UserLogin(SecondLoginPageTest.java:20)
at nopcommerce.SecondLoginPageTest.UserLogin(SecondLoginPageTest.java:20)
at nopcommerce.SecondLoginPageTest.UserLogin(SecondLoginPageTest.java:20)
at nopcommerce.SecondLoginPageTest.UserLogin(SecondLoginPageTest.java:20)
at nopcommerce.SecondLoginPageTest.UserLogin(SecondLoginPageTest.java:20)
at nopcommerce.SecondLoginPageTest.UserLogin(SecondLoginPageTest.java:20)
at nopcommerce.SecondLoginPageTest.UserLogin(SecondLoginPageTest.java:20)
at nopcommerce.SecondLoginPageTest.UserLogin(SecondLoginPageTest.java:20)
at nopcommerce.SecondLoginPageTest.UserLogin(SecondLoginPageTest.java:20)
at nopcommerce.SecondLoginPageTest.UserLogin(SecondLoginPageTest.java:20)
at nopcommerce.SecondLoginPageTest.UserLogin(SecondLoginPageTest.java:20)
at nopcommerce.SecondLoginPageTest.UserLogin(SecondLoginPageTest.java:20)
at nopcommerce.SecondLoginPageTest.UserLogin(SecondLoginPageTest.java:20)
at nopcommerce.SecondLoginPageTest.UserLogin(SecondLoginPageTest.java:20)
at nopcommerce.SecondLoginPageTest.UserLogin(SecondLoginPageTest.java:20)
at nopcommerce.SecondLoginPageTest.UserLogin(SecondLoginPageTest.java:20)
at nopcommerce.SecondLoginPageTest.UserLogin(SecondLoginPageTest.java:20)
at nopcommerce.SecondLoginPageTest.UserLogin(SecondLoginPageTest.java:20)
at nopcommerce.SecondLoginPageTest.UserLogin(SecondLoginPageTest.java:20)
at nopcommerce.SecondLoginPageTest.UserLogin(SecondLoginPageTest.java:20)
at nopcommerce.SecondLoginPageTest.UserLogin(SecondLoginPageTest.java:20)
at nopcommerce.SecondLoginPageTest.UserLogin(SecondLoginPageTest.java:20)
at nopcommerce.SecondLoginPageTest.UserLogin(SecondLoginPageTest.java:20)
at nopcommerce.SecondLoginPageTest.UserLogin(SecondLoginPageTest.java:20)
at nopcommerce.SecondLoginPageTest.UserLogin(SecondLoginPageTest.java:20)
at nopcommerce.SecondLoginPageTest.UserLogin(SecondLoginPageTest.java:20)
at nopcommerce.SecondLoginPageTest.UserLogin(SecondLoginPageTest.java:20)
at nopcommerce.SecondLoginPageTest.UserLogin(SecondLoginPageTest.java:20)
at nopcommerce.SecondLoginPageTest.UserLogin(SecondLoginPageTest.java:20)
at nopcommerce.SecondLoginPageTest.UserLogin(SecondLoginPageTest.java:20)
at nopcommerce.SecondLoginPageTest.UserLogin(SecondLoginPageTest.java:20)
at nopcommerce.SecondLoginPageTest.UserLogin(SecondLoginPageTest.java:20)
at nopcommerce.SecondLoginPageTest.UserLogin(SecondLoginPageTest.java:20)
at nopcommerce.SecondLoginPageTest.UserLogin(SecondLoginPageTest.java:20)
at nopcommerce.SecondLoginPageTest.UserLogin(SecondLoginPageTest.java:20)
at nopcommerce.SecondLoginPageTest.UserLogin(SecondLoginPageTest.java:20)
at nopcommerce.SecondLoginPageTest.UserLogin(SecondLoginPageTest.java:20)
at nopcommerce.SecondLoginPageTest.UserLogin(SecondLoginPageTest.java:20)
at nopcommerce.SecondLoginPageTest.UserLogin(SecondLoginPageTest.java:20)
at nopcommerce.SecondLoginPageTest.UserLogin(SecondLoginPageTest.java:20)
at nopcommerce.SecondLoginPageTest.UserLogin(SecondLoginPageTest.java:20)
at nopcommerce.SecondLoginPageTest.UserLogin(SecondLoginPageTest.java:20)
at nopcommerce.SecondLoginPageTest.UserLogin(SecondLoginPageTest.java:20)
at nopcommerce.SecondLoginPageTest.UserLogin(SecondLoginPageTest.java:20)
at nopcommerce.SecondLoginPageTest.UserLogin(SecondLoginPageTest.java:20)
at nopcommerce.SecondLoginPageTest.UserLogin(SecondLoginPageTest.java:20)
at nopcommerce.SecondLoginPageTest.UserLogin(SecondLoginPageTest.java:20)
at nopcommerce.SecondLoginPageTest.UserLogin(SecondLoginPageTest.java:20)
at nopcommerce.SecondLoginPageTest.UserLogin(SecondLoginPageTest.java:20)
at nopcommerce.SecondLoginPageTest.UserLogin(SecondLoginPageTest.java:20)
at nopcommerce.SecondLoginPageTest.UserLogin(SecondLoginPageTest.java:20)
at nopcommerce.SecondLoginPageTest.UserLogin(SecondLoginPageTest.java:20)
at nopcommerce.SecondLoginPageTest.UserLogin(SecondLoginPageTest.java:20)
at nopcommerce.SecondLoginPageTest.UserLogin(SecondLoginPageTest.java:20)
at nopcommerce.SecondLoginPageTest.UserLogin(SecondLoginPageTest.java:20)
at nopcommerce.SecondLoginPageTest.UserLogin(SecondLoginPageTest.java:20)
at nopcommerce.SecondLoginPageTest.UserLogin(SecondLoginPageTest.java:20)
at nopcommerce.SecondLoginPageTest.UserLogin(SecondLoginPageTest.java:20)
at nopcommerce.SecondLoginPageTest.UserLogin(SecondLoginPageTest.java:20)
at nopcommerce.SecondLoginPageTest.UserLogin(SecondLoginPageTest.java:20)
at nopcommerce.SecondLoginPageTest.UserLogin(SecondLoginPageTest.java:20)
at nopcommerce.SecondLoginPageTest.UserLogin(SecondLoginPageTest.java:20)
at nopcommerce.SecondLoginPageTest.UserLogin(SecondLoginPageTest.java:20)
at nopcommerce.SecondLoginPageTest.UserLogin(SecondLoginPageTest.java:20)
at nopcommerce.SecondLoginPageTest.UserLogin(SecondLoginPageTest.java:20)
at nopcommerce.SecondLoginPageTest.UserLogin(SecondLoginPageTest.java:20)
at nopcommerce.SecondLoginPageTest.UserLogin(SecondLoginPageTest.java:20)
at nopcommerce.SecondLoginPageTest.UserLogin(SecondLoginPageTest.java:20)
at nopcommerce.SecondLoginPageTest.UserLogin(SecondLoginPageTest.java:20)
at nopcommerce.SecondLoginPageTest.UserLogin(SecondLoginPageTest.java:20)
at nopcommerce.SecondLoginPageTest.UserLogin(SecondLoginPageTest.java:20)
at nopcommerce.SecondLoginPageTest.UserLogin(SecondLoginPageTest.java:20)
at nopcommerce.SecondLoginPageTest.UserLogin(SecondLoginPageTest.java:20)
at nopcommerce.SecondLoginPageTest.UserLogin(SecondLoginPageTest.java:20)
at nopcommerce.SecondLoginPageTest.UserLogin(SecondLoginPageTest.java:20)
at nopcommerce.SecondLoginPageTest.UserLogin(SecondLoginPageTest.java:20)
at nopcommerce.SecondLoginPageTest.UserLogin(SecondLoginPageTest.java:20)
at nopcommerce.SecondLoginPageTest.UserLogin(SecondLoginPageTest.java:20)
at nopcommerce.SecondLoginPageTest.UserLogin(SecondLoginPageTest.java:20)
at nopcommerce.SecondLoginPageTest.UserLogin(SecondLoginPageTest.java:20)
at nopcommerce.SecondLoginPageTest.UserLogin(SecondLoginPageTest.java:20)
at nopcommerce.SecondLoginPageTest.UserLogin(SecondLoginPageTest.java:20)
at nopcommerce.SecondLoginPageTest.UserLogin(SecondLoginPageTest.java:20)
at nopcommerce.SecondLoginPageTest.UserLogin(SecondLoginPageTest.java:20)
at nopcommerce.SecondLoginPageTest.UserLogin(SecondLoginPageTest.java:20)
at nopcommerce.SecondLoginPageTest.UserLogin(SecondLoginPageTest.java:20)
at nopcommerce.SecondLoginPageTest.UserLogin(SecondLoginPageTest.java:20)
at nopcommerce.SecondLoginPageTest.UserLogin(SecondLoginPageTest.java:20)
at nopcommerce.SecondLoginPageTest.UserLogin(SecondLoginPageTest.java:20)
at nopcommerce.SecondLoginPageTest.UserLogin(SecondLoginPageTest.java:20)
at nopcommerce.SecondLoginPageTest.UserLogin(SecondLoginPageTest.java:20)
at nopcommerce.SecondLoginPageTest.UserLogin(SecondLoginPageTest.java:20)
at nopcommerce.SecondLoginPageTest.UserLogin(SecondLoginPageTest.java:20)
at nopcommerce.SecondLoginPageTest.UserLogin(SecondLoginPageTest.java:20)
at nopcommerce.SecondLoginPageTest.UserLogin(SecondLoginPageTest.java:20)
at nopcommerce.SecondLoginPageTest.UserLogin(SecondLoginPageTest.java:20)
at nopcommerce.SecondLoginPageTest.UserLogin(SecondLoginPageTest.java:20)
at nopcommerce.SecondLoginPageTest.UserLogin(SecondLoginPageTest.java:20)
at nopcommerce.SecondLoginPageTest.UserLogin(SecondLoginPageTest.java:20)
at nopcommerce.SecondLoginPageTest.UserLogin(SecondLoginPageTest.java:20)
at nopcommerce.SecondLoginPageTest.UserLogin(SecondLoginPageTest.java:20)
at nopcommerce.SecondLoginPageTest.UserLogin(SecondLoginPageTest.java:20)
at nopcommerce.SecondLoginPageTest.UserLogin(SecondLoginPageTest.java:20)
at nopcommerce.SecondLoginPageTest.UserLogin(SecondLoginPageTest.java:20)
at nopcommerce.SecondLoginPageTest.UserLogin(SecondLoginPageTest.java:20)
at nopcommerce.SecondLoginPageTest.UserLogin(SecondLoginPageTest.java:20)
at nopcommerce.SecondLoginPageTest.UserLogin(SecondLoginPageTest.java:20)
at nopcommerce.SecondLoginPageTest.UserLogin(SecondLoginPageTest.java:20)
at nopcommerce.SecondLoginPageTest.UserLogin(SecondLoginPageTest.java:20)
at nopcommerce.SecondLoginPageTest.UserLogin(SecondLoginPageTest.java:20)
at nopcommerce.SecondLoginPageTest.UserLogin(SecondLoginPageTest.java:20)
at nopcommerce.SecondLoginPageTest.UserLogin(SecondLoginPageTest.java:20)
at nopcommerce.SecondLoginPageTest.UserLogin(SecondLoginPageTest.java:20)
at nopcommerce.SecondLoginPageTest.UserLogin(SecondLoginPageTest.java:20)
at nopcommerce.SecondLoginPageTest.UserLogin(SecondLoginPageTest.java:20)
at nopcommerce.SecondLoginPageTest.UserLogin(SecondLoginPageTest.java:20)
at nopcommerce.SecondLoginPageTest.UserLogin(SecondLoginPageTest.java:20)
at nopcommerce.SecondLoginPageTest.UserLogin(SecondLoginPageTest.java:20)
at nopcommerce.SecondLoginPageTest.UserLogin(SecondLoginPageTest.java:20)
at nopcommerce.SecondLoginPageTest.UserLogin(SecondLoginPageTest.java:20)
at nopcommerce.SecondLoginPageTest.UserLogin(SecondLoginPageTest.java:20)
at nopcommerce.SecondLoginPageTest.UserLogin(SecondLoginPageTest.java:20)
at nopcommerce.SecondLoginPageTest.UserLogin(SecondLoginPageTest.java:20)
at nopcommerce.SecondLoginPageTest.UserLogin(SecondLoginPageTest.java:20)
at nopcommerce.SecondLoginPageTest.UserLogin(SecondLoginPageTest.java:20)
at nopcommerce.SecondLoginPageTest.UserLogin(SecondLoginPageTest.java:20)
at nopcommerce.SecondLoginPageTest.UserLogin(SecondLoginPageTest.java:20)
at nopcommerce.SecondLoginPageTest.UserLogin(SecondLoginPageTest.java:20)
at nopcommerce.SecondLoginPageTest.UserLogin(SecondLoginPageTest.java:20)
at nopcommerce.SecondLoginPageTest.UserLogin(SecondLoginPageTest.java:20)
at nopcommerce.SecondLoginPageTest.UserLogin(SecondLoginPageTest.java:20)
at nopcommerce.SecondLoginPageTest.UserLogin(SecondLoginPageTest.java:20)
at nopcommerce.SecondLoginPageTest.UserLogin(SecondLoginPageTest.java:20)
at nopcommerce.SecondLoginPageTest.UserLogin(SecondLoginPageTest.java:20)
at nopcommerce.SecondLoginPageTest.UserLogin(SecondLoginPageTest.java:20)
at nopcommerce.SecondLoginPageTest.UserLogin(SecondLoginPageTest.java:20)
at nopcommerce.SecondLoginPageTest.UserLogin(SecondLoginPageTest.java:20)
at nopcommerce.SecondLoginPageTest.UserLogin(SecondLoginPageTest.java:20)
at nopcommerce.SecondLoginPageTest.UserLogin(SecondLoginPageTest.java:20)
at nopcommerce.SecondLoginPageTest.UserLogin(SecondLoginPageTest.java:20)
at nopcommerce.SecondLoginPageTest.UserLogin(SecondLoginPageTest.java:20)
at nopcommerce.SecondLoginPageTest.UserLogin(SecondLoginPageTest.java:20)
at nopcommerce.SecondLoginPageTest.UserLogin(SecondLoginPageTest.java:20)
at nopcommerce.SecondLoginPageTest.UserLogin(SecondLoginPageTest.java:20)
at nopcommerce.SecondLoginPageTest.UserLogin(SecondLoginPageTest.java:20)
at nopcommerce.SecondLoginPageTest.UserLogin(SecondLoginPageTest.java:20)
at nopcommerce.SecondLoginPageTest.UserLogin(SecondLoginPageTest.java:20)
at nopcommerce.SecondLoginPageTest.UserLogin(SecondLoginPageTest.java:20)
at nopcommerce.SecondLoginPageTest.UserLogin(SecondLoginPageTest.java:20)
at nopcommerce.SecondLoginPageTest.UserLogin(SecondLoginPageTest.java:20)
at nopcommerce.SecondLoginPageTest.UserLogin(SecondLoginPageTest.java:20)
at nopcommerce.SecondLoginPageTest.UserLogin(SecondLoginPageTest.java:20)
at nopcommerce.SecondLoginPageTest.UserLogin(SecondLoginPageTest.java:20)
at nopcommerce.SecondLoginPageTest.UserLogin(SecondLoginPageTest.java:20)
at nopcommerce.SecondLoginPageTest.UserLogin(SecondLoginPageTest.java:20)
at nopcommerce.SecondLoginPageTest.UserLogin(SecondLoginPageTest.java:20)
at nopcommerce.SecondLoginPageTest.UserLogin(SecondLoginPageTest.java:20)
at nopcommerce.SecondLoginPageTest.UserLogin(SecondLoginPageTest.java:20)
at nopcommerce.SecondLoginPageTest.UserLogin(SecondLoginPageTest.java:20)
at nopcommerce.SecondLoginPageTest.UserLogin(SecondLoginPageTest.java:20)
at nopcommerce.SecondLoginPageTest.UserLogin(SecondLoginPageTest.java:20)
at nopcommerce.SecondLoginPageTest.UserLogin(SecondLoginPageTest.java:20)
at nopcommerce.SecondLoginPageTest.UserLogin(SecondLoginPageTest.java:20)
at nopcommerce.SecondLoginPageTest.UserLogin(SecondLoginPageTest.java:20)
at nopcommerce.SecondLoginPageTest.UserLogin(SecondLoginPageTest.java:20)
at nopcommerce.SecondLoginPageTest.UserLogin(SecondLoginPageTest.java:20)
at nopcommerce.SecondLoginPageTest.UserLogin(SecondLoginPageTest.java:20)
at nopcommerce.SecondLoginPageTest.UserLogin(SecondLoginPageTest.java:20)
at nopcommerce.SecondLoginPageTest.UserLogin(SecondLoginPageTest.java:20)
at nopcommerce.SecondLoginPageTest.UserLogin(SecondLoginPageTest.java:20)
at nopcommerce.SecondLoginPageTest.UserLogin(SecondLoginPageTest.java:20)
at nopcommerce.SecondLoginPageTest.UserLogin(SecondLoginPageTest.java:20)
at nopcommerce.SecondLoginPageTest.UserLogin(SecondLoginPageTest.java:20)
at nopcommerce.SecondLoginPageTest.UserLogin(SecondLoginPageTest.java:20)
at nopcommerce.SecondLoginPageTest.UserLogin(SecondLoginPageTest.java:20)
at nopcommerce.SecondLoginPageTest.UserLogin(SecondLoginPageTest.java:20)
at nopcommerce.SecondLoginPageTest.UserLogin(SecondLoginPageTest.java:20)
at nopcommerce.SecondLoginPageTest.UserLogin(SecondLoginPageTest.java:20)
at nopcommerce.SecondLoginPageTest.UserLogin(SecondLoginPageTest.java:20)
at nopcommerce.SecondLoginPageTest.UserLogin(SecondLoginPageTest.java:20)
at nopcommerce.SecondLoginPageTest.UserLogin(SecondLoginPageTest.java:20)
at nopcommerce.SecondLoginPageTest.UserLogin(SecondLoginPageTest.java:20)
at nopcommerce.SecondLoginPageTest.UserLogin(SecondLoginPageTest.java:20)
at nopcommerce.SecondLoginPageTest.UserLogin(SecondLoginPageTest.java:20)
at nopcommerce.SecondLoginPageTest.UserLogin(SecondLoginPageTest.java:20)
at nopcommerce.SecondLoginPageTest.UserLogin(SecondLoginPageTest.java:20)
at nopcommerce.SecondLoginPageTest.UserLogin(SecondLoginPageTest.java:20)
at nopcommerce.SecondLoginPageTest.UserLogin(SecondLoginPageTest.java:20)
at nopcommerce.SecondLoginPageTest.UserLogin(SecondLoginPageTest.java:20)
at nopcommerce.SecondLoginPageTest.UserLogin(SecondLoginPageTest.java:20)
at nopcommerce.SecondLoginPageTest.UserLogin(SecondLoginPageTest.java:20)
at nopcommerce.SecondLoginPageTest.UserLogin(SecondLoginPageTest.java:20)
at nopcommerce.SecondLoginPageTest.UserLogin(SecondLoginPageTest.java:20)
at nopcommerce.SecondLoginPageTest.UserLogin(SecondLoginPageTest.java:20)
at nopcommerce.SecondLoginPageTest.UserLogin(SecondLoginPageTest.java:20)
at nopcommerce.SecondLoginPageTest.UserLogin(SecondLoginPageTest.java:20)
at nopcommerce.SecondLoginPageTest.UserLogin(SecondLoginPageTest.java:20)
at nopcommerce.SecondLoginPageTest.UserLogin(SecondLoginPageTest.java:20)
at nopcommerce.SecondLoginPageTest.UserLogin(SecondLoginPageTest.java:20)
at nopcommerce.SecondLoginPageTest.UserLogin(SecondLoginPageTest.java:20)
at nopcommerce.SecondLoginPageTest.UserLogin(SecondLoginPageTest.java:20)
at nopcommerce.SecondLoginPageTest.UserLogin(SecondLoginPageTest.java:20)
at nopcommerce.SecondLoginPageTest.UserLogin(SecondLoginPageTest.java:20)
at nopcommerce.SecondLoginPageTest.UserLogin(SecondLoginPageTest.java:20)
at nopcommerce.SecondLoginPageTest.UserLogin(SecondLoginPageTest.java:20)
at nopcommerce.SecondLoginPageTest.UserLogin(SecondLoginPageTest.java:20)
at nopcommerce.SecondLoginPageTest.UserLogin(SecondLoginPageTest.java:20)
at nopcommerce.SecondLoginPageTest.UserLogin(SecondLoginPageTest.java:20)
at nopcommerce.SecondLoginPageTest.UserLogin(SecondLoginPageTest.java:20)
at nopcommerce.SecondLoginPageTest.UserLogin(SecondLoginPageTest.java:20)
at nopcommerce.SecondLoginPageTest.UserLogin(SecondLoginPageTest.java:20)
at nopcommerce.SecondLoginPageTest.UserLogin(SecondLoginPageTest.java:20)
at nopcommerce.SecondLoginPageTest.UserLogin(SecondLoginPageTest.java:20)
at nopcommerce.SecondLoginPageTest.UserLogin(SecondLoginPageTest.java:20)
at nopcommerce.SecondLoginPageTest.UserLogin(SecondLoginPageTest.java:20)
at nopcommerce.SecondLoginPageTest.UserLogin(SecondLoginPageTest.java:20)
at nopcommerce.SecondLoginPageTest.UserLogin(SecondLoginPageTest.java:20)
at nopcommerce.SecondLoginPageTest.UserLogin(SecondLoginPageTest.java:20)
at nopcommerce.SecondLoginPageTest.UserLogin(SecondLoginPageTest.java:20)
at nopcommerce.SecondLoginPageTest.UserLogin(SecondLoginPageTest.java:20)
at nopcommerce.SecondLoginPageTest.UserLogin(SecondLoginPageTest.java:20)
at nopcommerce.SecondLoginPageTest.UserLogin(SecondLoginPageTest.java:20)
at nopcommerce.SecondLoginPageTest.UserLogin(SecondLoginPageTest.java:20)
at nopcommerce.SecondLoginPageTest.UserLogin(SecondLoginPageTest.java:20)
at nopcommerce.SecondLoginPageTest.UserLogin(SecondLoginPageTest.java:20)
at nopcommerce.SecondLoginPageTest.UserLogin(SecondLoginPageTest.java:20)
at nopcommerce.SecondLoginPageTest.UserLogin(SecondLoginPageTest.java:20)
at nopcommerce.SecondLoginPageTest.UserLogin(SecondLoginPageTest.java:20)
at nopcommerce.SecondLoginPageTest.UserLogin(SecondLoginPageTest.java:20)
at nopcommerce.SecondLoginPageTest.UserLogin(SecondLoginPageTest.java:20)
at nopcommerce.SecondLoginPageTest.UserLogin(SecondLoginPageTest.java:20)
at nopcommerce.SecondLoginPageTest.UserLogin(SecondLoginPageTest.java:20)
at nopcommerce.SecondLoginPageTest.UserLogin(SecondLoginPageTest.java:20)
at nopcommerce.SecondLoginPageTest.UserLogin(SecondLoginPageTest.java:20)
at nopcommerce.SecondLoginPageTest.UserLogin(SecondLoginPageTest.java:20)
at nopcommerce.SecondLoginPageTest.UserLogin(SecondLoginPageTest.java:20)
at nopcommerce.SecondLoginPageTest.UserLogin(SecondLoginPageTest.java:20)
at nopcommerce.SecondLoginPageTest.UserLogin(SecondLoginPageTest.java:20)
at nopcommerce.SecondLoginPageTest.UserLogin(SecondLoginPageTest.java:20)
at nopcommerce.SecondLoginPageTest.UserLogin(SecondLoginPageTest.java:20)
at nopcommerce.SecondLoginPageTest.UserLogin(SecondLoginPageTest.java:20)
at nopcommerce.SecondLoginPageTest.UserLogin(SecondLoginPageTest.java:20)
at nopcommerce.SecondLoginPageTest.UserLogin(SecondLoginPageTest.java:20)
at nopcommerce.SecondLoginPageTest.UserLogin(SecondLoginPageTest.java:20)
at nopcommerce.SecondLoginPageTest.UserLogin(SecondLoginPageTest.java:20)
at nopcommerce.SecondLoginPageTest.UserLogin(SecondLoginPageTest.java:20)
at nopcommerce.SecondLoginPageTest.UserLogin(SecondLoginPageTest.java:20)
at nopcommerce.SecondLoginPageTest.UserLogin(SecondLoginPageTest.java:20)
at nopcommerce.SecondLoginPageTest.UserLogin(SecondLoginPageTest.java:20)
at nopcommerce.SecondLoginPageTest.UserLogin(SecondLoginPageTest.java:20)
at nopcommerce.SecondLoginPageTest.UserLogin(SecondLoginPageTest.java:20)
at nopcommerce.SecondLoginPageTest.UserLogin(SecondLoginPageTest.java:20)
at nopcommerce.SecondLoginPageTest.UserLogin(SecondLoginPageTest.java:20)
at nopcommerce.SecondLoginPageTest.UserLogin(SecondLoginPageTest.java:20)
at nopcommerce.SecondLoginPageTest.UserLogin(SecondLoginPageTest.java:20)
at nopcommerce.SecondLoginPageTest.UserLogin(SecondLoginPageTest.java:20)
at nopcommerce.SecondLoginPageTest.UserLogin(SecondLoginPageTest.java:20)
at nopcommerce.SecondLoginPageTest.UserLogin(SecondLoginPageTest.java:20)
at nopcommerce.SecondLoginPageTest.UserLogin(SecondLoginPageTest.java:20)
at nopcommerce.SecondLoginPageTest.UserLogin(SecondLoginPageTest.java:20)
at nopcommerce.SecondLoginPageTest.UserLogin(SecondLoginPageTest.java:20)
at nopcommerce.SecondLoginPageTest.UserLogin(SecondLoginPageTest.java:20)
at nopcommerce.SecondLoginPageTest.UserLogin(SecondLoginPageTest.java:20)
at nopcommerce.SecondLoginPageTest.UserLogin(SecondLoginPageTest.java:20)
at nopcommerce.SecondLoginPageTest.UserLogin(SecondLoginPageTest.java:20)
at nopcommerce.SecondLoginPageTest.UserLogin(SecondLoginPageTest.java:20)
at nopcommerce.SecondLoginPageTest.UserLogin(SecondLoginPageTest.java:20)
at nopcommerce.SecondLoginPageTest.UserLogin(SecondLoginPageTest.java:20)
at nopcommerce.SecondLoginPageTest.UserLogin(SecondLoginPageTest.java:20)
at nopcommerce.SecondLoginPageTest.UserLogin(SecondLoginPageTest.java:20)
at nopcommerce.SecondLoginPageTest.UserLogin(SecondLoginPageTest.java:20)
at nopcommerce.SecondLoginPageTest.UserLogin(SecondLoginPageTest.java:20)
at nopcommerce.SecondLoginPageTest.UserLogin(SecondLoginPageTest.java:20)
at nopcommerce.SecondLoginPageTest.UserLogin(SecondLoginPageTest.java:20)
at nopcommerce.SecondLoginPageTest.UserLogin(SecondLoginPageTest.java:20)
at nopcommerce.SecondLoginPageTest.UserLogin(SecondLoginPageTest.java:20)
at nopcommerce.SecondLoginPageTest.UserLogin(SecondLoginPageTest.java:20)
at nopcommerce.SecondLoginPageTest.UserLogin(SecondLoginPageTest.java:20)
at nopcommerce.SecondLoginPageTest.UserLogin(SecondLoginPageTest.java:20)
at nopcommerce.SecondLoginPageTest.UserLogin(SecondLoginPageTest.java:20)
at nopcommerce.SecondLoginPageTest.UserLogin(SecondLoginPageTest.java:20)
at nopcommerce.SecondLoginPageTest.UserLogin(SecondLoginPageTest.java:20)
at nopcommerce.SecondLoginPageTest.UserLogin(SecondLoginPageTest.java:20)
at nopcommerce.SecondLoginPageTest.UserLogin(SecondLoginPageTest.java:20)
at nopcommerce.SecondLoginPageTest.UserLogin(SecondLoginPageTest.java:20)
at nopcommerce.SecondLoginPageTest.UserLogin(SecondLoginPageTest.java:20)
at nopcommerce.SecondLoginPageTest.UserLogin(SecondLoginPageTest.java:20)
at nopcommerce.SecondLoginPageTest.UserLogin(SecondLoginPageTest.java:20)
at nopcommerce.SecondLoginPageTest.UserLogin(SecondLoginPageTest.java:20)
at nopcommerce.SecondLoginPageTest.UserLogin(SecondLoginPageTest.java:20)
at nopcommerce.SecondLoginPageTest.UserLogin(SecondLoginPageTest.java:20)
at nopcommerce.SecondLoginPageTest.UserLogin(SecondLoginPageTest.java:20)
at nopcommerce.SecondLoginPageTest.UserLogin(SecondLoginPageTest.java:20)
at nopcommerce.SecondLoginPageTest.UserLogin(SecondLoginPageTest.java:20)
at nopcommerce.SecondLoginPageTest.UserLogin(SecondLoginPageTest.java:20)
at nopcommerce.SecondLoginPageTest.UserLogin(SecondLoginPageTest.java:20)
at nopcommerce.SecondLoginPageTest.UserLogin(SecondLoginPageTest.java:20)
at nopcommerce.SecondLoginPageTest.UserLogin(SecondLoginPageTest.java:20)
at nopcommerce.SecondLoginPageTest.UserLogin(SecondLoginPageTest.java:20)
at nopcommerce.SecondLoginPageTest.UserLogin(SecondLoginPageTest.java:20)
at nopcommerce.SecondLoginPageTest.UserLogin(SecondLoginPageTest.java:20)
at nopcommerce.SecondLoginPageTest.UserLogin(SecondLoginPageTest.java:20)
at nopcommerce.SecondLoginPageTest.UserLogin(SecondLoginPageTest.java:20)
at nopcommerce.SecondLoginPageTest.UserLogin(SecondLoginPageTest.java:20)
at nopcommerce.SecondLoginPageTest.UserLogin(SecondLoginPageTest.java:20)
at nopcommerce.SecondLoginPageTest.UserLogin(SecondLoginPageTest.java:20)
at nopcommerce.SecondLoginPageTest.UserLogin(SecondLoginPageTest.java:20)
at nopcommerce.SecondLoginPageTest.UserLogin(SecondLoginPageTest.java:20)
at nopcommerce.SecondLoginPageTest.UserLogin(SecondLoginPageTest.java:20)
at nopcommerce.SecondLoginPageTest.UserLogin(SecondLoginPageTest.java:20)
at nopcommerce.SecondLoginPageTest.UserLogin(SecondLoginPageTest.java:20)
at nopcommerce.SecondLoginPageTest.UserLogin(SecondLoginPageTest.java:20)
at nopcommerce.SecondLoginPageTest.UserLogin(SecondLoginPageTest.java:20)
at nopcommerce.SecondLoginPageTest.UserLogin(SecondLoginPageTest.java:20)
at nopcommerce.SecondLoginPageTest.UserLogin(SecondLoginPageTest.java:20)
at nopcommerce.SecondLoginPageTest.UserLogin(SecondLoginPageTest.java:20)
at nopcommerce.SecondLoginPageTest.UserLogin(SecondLoginPageTest.java:20)
at nopcommerce.SecondLoginPageTest.UserLogin(SecondLoginPageTest.java:20)
at nopcommerce.SecondLoginPageTest.UserLogin(SecondLoginPageTest.java:20)
at nopcommerce.SecondLoginPageTest.UserLogin(SecondLoginPageTest.java:20)
at nopcommerce.SecondLoginPageTest.UserLogin(SecondLoginPageTest.java:20)
at nopcommerce.SecondLoginPageTest.UserLogin(SecondLoginPageTest.java:20)
at nopcommerce.SecondLoginPageTest.UserLogin(SecondLoginPageTest.java:20)
at nopcommerce.SecondLoginPageTest.UserLogin(SecondLoginPageTest.java:20)
at nopcommerce.SecondLoginPageTest.UserLogin(SecondLoginPageTest.java:20)
at nopcommerce.SecondLoginPageTest.UserLogin(SecondLoginPageTest.java:20)
at nopcommerce.SecondLoginPageTest.UserLogin(SecondLoginPageTest.java:20)
at nopcommerce.SecondLoginPageTest.UserLogin(SecondLoginPageTest.java:20)
at nopcommerce.SecondLoginPageTest.UserLogin(SecondLoginPageTest.java:20)
at nopcommerce.SecondLoginPageTest.UserLogin(SecondLoginPageTest.java:20)
at nopcommerce.SecondLoginPageTest.UserLogin(SecondLoginPageTest.java:20)
at nopcommerce.SecondLoginPageTest.UserLogin(SecondLoginPageTest.java:20)
at nopcommerce.SecondLoginPageTest.UserLogin(SecondLoginPageTest.java:20)
at nopcommerce.SecondLoginPageTest.UserLogin(SecondLoginPageTest.java:20)
at nopcommerce.SecondLoginPageTest.UserLogin(SecondLoginPageTest.java:20)
at nopcommerce.SecondLoginPageTest.UserLogin(SecondLoginPageTest.java:20)
at nopcommerce.SecondLoginPageTest.UserLogin(SecondLoginPageTest.java:20)
at nopcommerce.SecondLoginPageTest.UserLogin(SecondLoginPageTest.java:20)
at nopcommerce.SecondLoginPageTest.UserLogin(SecondLoginPageTest.java:20)
at nopcommerce.SecondLoginPageTest.UserLogin(SecondLoginPageTest.java:20)
at nopcommerce.SecondLoginPageTest.UserLogin(SecondLoginPageTest.java:20)
at nopcommerce.SecondLoginPageTest.UserLogin(SecondLoginPageTest.java:20)
at nopcommerce.SecondLoginPageTest.UserLogin(SecondLoginPageTest.java:20)
at nopcommerce.SecondLoginPageTest.UserLogin(SecondLoginPageTest.java:20)
at nopcommerce.SecondLoginPageTest.UserLogin(SecondLoginPageTest.java:20)
at nopcommerce.SecondLoginPageTest.UserLogin(SecondLoginPageTest.java:20)
at nopcommerce.SecondLoginPageTest.UserLogin(SecondLoginPageTest.java:20)
at nopcommerce.SecondLoginPageTest.UserLogin(SecondLoginPageTest.java:20)
at nopcommerce.SecondLoginPageTest.UserLogin(SecondLoginPageTest.java:20)
at nopcommerce.SecondLoginPageTest.UserLogin(SecondLoginPageTest.java:20)
at nopcommerce.SecondLoginPageTest.UserLogin(SecondLoginPageTest.java:20)
at nopcommerce.SecondLoginPageTest.UserLogin(SecondLoginPageTest.java:20)
at nopcommerce.SecondLoginPageTest.UserLogin(SecondLoginPageTest.java:20)
at nopcommerce.SecondLoginPageTest.UserLogin(SecondLoginPageTest.java:20)
at nopcommerce.SecondLoginPageTest.UserLogin(SecondLoginPageTest.java:20)
at nopcommerce.SecondLoginPageTest.UserLogin(SecondLoginPageTest.java:20)
at nopcommerce.SecondLoginPageTest.UserLogin(SecondLoginPageTest.java:20)
at nopcommerce.SecondLoginPageTest.UserLogin(SecondLoginPageTest.java:20)
at nopcommerce.SecondLoginPageTest.UserLogin(SecondLoginPageTest.java:20)
at nopcommerce.SecondLoginPageTest.UserLogin(SecondLoginPageTest.java:20)
at nopcommerce.SecondLoginPageTest.UserLogin(SecondLoginPageTest.java:20)
at nopcommerce.SecondLoginPageTest.UserLogin(SecondLoginPageTest.java:20)
at nopcommerce.SecondLoginPageTest.UserLogin(SecondLoginPageTest.java:20)
at nopcommerce.SecondLoginPageTest.UserLogin(SecondLoginPageTest.java:20)
at nopcommerce.SecondLoginPageTest.UserLogin(SecondLoginPageTest.java:20)
at nopcommerce.SecondLoginPageTest.UserLogin(SecondLoginPageTest.java:20)
at nopcommerce.SecondLoginPageTest.UserLogin(SecondLoginPageTest.java:20)
at nopcommerce.SecondLoginPageTest.UserLogin(SecondLoginPageTest.java:20)
at nopcommerce.SecondLoginPageTest.UserLogin(SecondLoginPageTest.java:20)
at nopcommerce.SecondLoginPageTest.UserLogin(SecondLoginPageTest.java:20)
at nopcommerce.SecondLoginPageTest.UserLogin(SecondLoginPageTest.java:20)
at nopcommerce.SecondLoginPageTest.UserLogin(SecondLoginPageTest.java:20)
at nopcommerce.SecondLoginPageTest.UserLogin(SecondLoginPageTest.java:20)
at nopcommerce.SecondLoginPageTest.UserLogin(SecondLoginPageTest.java:20)
at nopcommerce.SecondLoginPageTest.UserLogin(SecondLoginPageTest.java:20)
at nopcommerce.SecondLoginPageTest.UserLogin(SecondLoginPageTest.java:20)
at nopcommerce.SecondLoginPageTest.UserLogin(SecondLoginPageTest.java:20)
at nopcommerce.SecondLoginPageTest.UserLogin(SecondLoginPageTest.java:20)
at nopcommerce.SecondLoginPageTest.UserLogin(SecondLoginPageTest.java:20)
at nopcommerce.SecondLoginPageTest.UserLogin(SecondLoginPageTest.java:20)
at nopcommerce.SecondLoginPageTest.UserLogin(SecondLoginPageTest.java:20)
at nopcommerce.SecondLoginPageTest.UserLogin(SecondLoginPageTest.java:20)
at nopcommerce.SecondLoginPageTest.UserLogin(SecondLoginPageTest.java:20)
at nopcommerce.SecondLoginPageTest.UserLogin(SecondLoginPageTest.java:20)
at nopcommerce.SecondLoginPageTest.UserLogin(SecondLoginPageTest.java:20)
at nopcommerce.SecondLoginPageTest.UserLogin(SecondLoginPageTest.java:20)
at nopcommerce.SecondLoginPageTest.UserLogin(SecondLoginPageTest.java:20)
at nopcommerce.SecondLoginPageTest.UserLogin(SecondLoginPageTest.java:20)
at nopcommerce.SecondLoginPageTest.UserLogin(SecondLoginPageTest.java:20)
at nopcommerce.SecondLoginPageTest.UserLogin(SecondLoginPageTest.java:20)
at nopcommerce.SecondLoginPageTest.UserLogin(SecondLoginPageTest.java:20)
at nopcommerce.SecondLoginPageTest.UserLogin(SecondLoginPageTest.java:20)
at nopcommerce.SecondLoginPageTest.UserLogin(SecondLoginPageTest.java:20)
at nopcommerce.SecondLoginPageTest.UserLogin(SecondLoginPageTest.java:20)
at nopcommerce.SecondLoginPageTest.UserLogin(SecondLoginPageTest.java:20)
at nopcommerce.SecondLoginPageTest.UserLogin(SecondLoginPageTest.java:20)
at nopcommerce.SecondLoginPageTest.UserLogin(SecondLoginPageTest.java:20)
at nopcommerce.SecondLoginPageTest.UserLogin(SecondLoginPageTest.java:20)
at nopcommerce.SecondLoginPageTest.UserLogin(SecondLoginPageTest.java:20)
at nopcommerce.SecondLoginPageTest.UserLogin(SecondLoginPageTest.java:20)
at nopcommerce.SecondLoginPageTest.UserLogin(SecondLoginPageTest.java:20)
at nopcommerce.SecondLoginPageTest.UserLogin(SecondLoginPageTest.java:20)
at nopcommerce.SecondLoginPageTest.UserLogin(SecondLoginPageTest.java:20)
at nopcommerce.SecondLoginPageTest.UserLogin(SecondLoginPageTest.java:20)
at nopcommerce.SecondLoginPageTest.UserLogin(SecondLoginPageTest.java:20)
at nopcommerce.SecondLoginPageTest.UserLogin(SecondLoginPageTest.java:20)
at nopcommerce.SecondLoginPageTest.UserLogin(SecondLoginPageTest.java:20)
at nopcommerce.SecondLoginPageTest.UserLogin(SecondLoginPageTest.java:20)
at nopcommerce.SecondLoginPageTest.UserLogin(SecondLoginPageTest.java:20)
at nopcommerce.SecondLoginPageTest.UserLogin(SecondLoginPageTest.java:20)
at nopcommerce.SecondLoginPageTest.UserLogin(SecondLoginPageTest.java:20)
at nopcommerce.SecondLoginPageTest.UserLogin(SecondLoginPageTest.java:20)
at nopcommerce.SecondLoginPageTest.UserLogin(SecondLoginPageTest.java:20)
at nopcommerce.SecondLoginPageTest.UserLogin(SecondLoginPageTest.java:20)
at nopcommerce.SecondLoginPageTest.UserLogin(SecondLoginPageTest.java:20)
at nopcommerce.SecondLoginPageTest.UserLogin(SecondLoginPageTest.java:20)
at nopcommerce.SecondLoginPageTest.UserLogin(SecondLoginPageTest.java:20)
at nopcommerce.SecondLoginPageTest.UserLogin(SecondLoginPageTest.java:20)
at nopcommerce.SecondLoginPageTest.UserLogin(SecondLoginPageTest.java:20)
at nopcommerce.SecondLoginPageTest.UserLogin(SecondLoginPageTest.java:20)
at nopcommerce.SecondLoginPageTest.UserLogin(SecondLoginPageTest.java:20)
at nopcommerce.SecondLoginPageTest.UserLogin(SecondLoginPageTest.java:20)
at nopcommerce.SecondLoginPageTest.UserLogin(SecondLoginPageTest.java:20)
at nopcommerce.SecondLoginPageTest.UserLogin(SecondLoginPageTest.java:20)
at nopcommerce.SecondLoginPageTest.UserLogin(SecondLoginPageTest.java:20)
at nopcommerce.SecondLoginPageTest.UserLogin(SecondLoginPageTest.java:20)
at nopcommerce.SecondLoginPageTest.UserLogin(SecondLoginPageTest.java:20)
at nopcommerce.SecondLoginPageTest.UserLogin(SecondLoginPageTest.java:20)
at nopcommerce.SecondLoginPageTest.UserLogin(SecondLoginPageTest.java:20)
at nopcommerce.SecondLoginPageTest.UserLogin(SecondLoginPageTest.java:20)
at nopcommerce.SecondLoginPageTest.UserLogin(SecondLoginPageTest.java:20)
at nopcommerce.SecondLoginPageTest.UserLogin(SecondLoginPageTest.java:20)
at nopcommerce.SecondLoginPageTest.UserLogin(SecondLoginPageTest.java:20)
at nopcommerce.SecondLoginPageTest.UserLogin(SecondLoginPageTest.java:20)
at nopcommerce.SecondLoginPageTest.UserLogin(SecondLoginPageTest.java:20)
at nopcommerce.SecondLoginPageTest.UserLogin(SecondLoginPageTest.java:20)
at nopcommerce.SecondLoginPageTest.UserLogin(SecondLoginPageTest.java:20)
at nopcommerce.SecondLoginPageTest.UserLogin(SecondLoginPageTest.java:20)
at nopcommerce.SecondLoginPageTest.UserLogin(SecondLoginPageTest.java:20)
at nopcommerce.SecondLoginPageTest.UserLogin(SecondLoginPageTest.java:20)
at nopcommerce.SecondLoginPageTest.UserLogin(SecondLoginPageTest.java:20)
at nopcommerce.SecondLoginPageTest.UserLogin(SecondLoginPageTest.java:20)
at nopcommerce.SecondLoginPageTest.UserLogin(SecondLoginPageTest.java:20)
at nopcommerce.SecondLoginPageTest.UserLogin(SecondLoginPageTest.java:20)
at nopcommerce.SecondLoginPageTest.UserLogin(SecondLoginPageTest.java:20)
at nopcommerce.SecondLoginPageTest.UserLogin(SecondLoginPageTest.java:20)
at nopcommerce.SecondLoginPageTest.UserLogin(SecondLoginPageTest.java:20)
at nopcommerce.SecondLoginPageTest.UserLogin(SecondLoginPageTest.java:20)
at nopcommerce.SecondLoginPageTest.UserLogin(SecondLoginPageTest.java:20)
at nopcommerce.SecondLoginPageTest.UserLogin(SecondLoginPageTest.java:20)
at nopcommerce.SecondLoginPageTest.UserLogin(SecondLoginPageTest.java:20)
at nopcommerce.SecondLoginPageTest.UserLogin(SecondLoginPageTest.java:20)
at nopcommerce.SecondLoginPageTest.UserLogin(SecondLoginPageTest.java:20)
at nopcommerce.SecondLoginPageTest.UserLogin(SecondLoginPageTest.java:20)
at nopcommerce.SecondLoginPageTest.UserLogin(SecondLoginPageTest.java:20)
at nopcommerce.SecondLoginPageTest.UserLogin(SecondLoginPageTest.java:20)
at nopcommerce.SecondLoginPageTest.UserLogin(SecondLoginPageTest.java:20)
at nopcommerce.SecondLoginPageTest.UserLogin(SecondLoginPageTest.java:20)
at nopcommerce.SecondLoginPageTest.UserLogin(SecondLoginPageTest.java:20)
at nopcommerce.SecondLoginPageTest.UserLogin(SecondLoginPageTest.java:20)
at nopcommerce.SecondLoginPageTest.UserLogin(SecondLoginPageTest.java:20)
at nopcommerce.SecondLoginPageTest.UserLogin(SecondLoginPageTest.java:20)
at nopcommerce.SecondLoginPageTest.UserLogin(SecondLoginPageTest.java:20)
at nopcommerce.SecondLoginPageTest.UserLogin(SecondLoginPageTest.java:20)
at nopcommerce.SecondLoginPageTest.UserLogin(SecondLoginPageTest.java:20)
at nopcommerce.SecondLoginPageTest.UserLogin(SecondLoginPageTest.java:20)
at nopcommerce.SecondLoginPageTest.UserLogin(SecondLoginPageTest.java:20)
at nopcommerce.SecondLoginPageTest.UserLogin(SecondLoginPageTest.java:20)
at nopcommerce.SecondLoginPageTest.UserLogin(SecondLoginPageTest.java:20)
at nopcommerce.SecondLoginPageTest.UserLogin(SecondLoginPageTest.java:20)
at nopcommerce.SecondLoginPageTest.UserLogin(SecondLoginPageTest.java:20)
at nopcommerce.SecondLoginPageTest.UserLogin(SecondLoginPageTest.java:20)
at nopcommerce.SecondLoginPageTest.UserLogin(SecondLoginPageTest.java:20)
at nopcommerce.SecondLoginPageTest.UserLogin(SecondLoginPageTest.java:20)
at nopcommerce.SecondLoginPageTest.UserLogin(SecondLoginPageTest.java:20)
at nopcommerce.SecondLoginPageTest.UserLogin(SecondLoginPageTest.java:20)
at nopcommerce.SecondLoginPageTest.UserLogin(SecondLoginPageTest.java:20)
at nopcommerce.SecondLoginPageTest.UserLogin(SecondLoginPageTest.java:20)
at nopcommerce.SecondLoginPageTest.UserLogin(SecondLoginPageTest.java:20)
at nopcommerce.SecondLoginPageTest.UserLogin(SecondLoginPageTest.java:20)
at nopcommerce.SecondLoginPageTest.UserLogin(SecondLoginPageTest.java:20)
at nopcommerce.SecondLoginPageTest.UserLogin(SecondLoginPageTest.java:20)
at nopcommerce.SecondLoginPageTest.UserLogin(SecondLoginPageTest.java:20)
at nopcommerce.SecondLoginPageTest.UserLogin(SecondLoginPageTest.java:20)
at nopcommerce.SecondLoginPageTest.UserLogin(SecondLoginPageTest.java:20)
at nopcommerce.SecondLoginPageTest.UserLogin(SecondLoginPageTest.java:20)
at nopcommerce.SecondLoginPageTest.UserLogin(SecondLoginPageTest.java:20)
at nopcommerce.SecondLoginPageTest.UserLogin(SecondLoginPageTest.java:20)
at nopcommerce.SecondLoginPageTest.UserLogin(SecondLoginPageTest.java:20)
at nopcommerce.SecondLoginPageTest.UserLogin(SecondLoginPageTest.java:20)
at nopcommerce.SecondLoginPageTest.UserLogin(SecondLoginPageTest.java:20)
at nopcommerce.SecondLoginPageTest.UserLogin(SecondLoginPageTest.java:20)
at nopcommerce.SecondLoginPageTest.UserLogin(SecondLoginPageTest.java:20)
at nopcommerce.SecondLoginPageTest.UserLogin(SecondLoginPageTest.java:20)
at nopcommerce.SecondLoginPageTest.UserLogin(SecondLoginPageTest.java:20)
at nopcommerce.SecondLoginPageTest.UserLogin(SecondLoginPageTest.java:20)
at nopcommerce.SecondLoginPageTest.UserLogin(SecondLoginPageTest.java:20)
at nopcommerce.SecondLoginPageTest.UserLogin(SecondLoginPageTest.java:20)
at nopcommerce.SecondLoginPageTest.UserLogin(SecondLoginPageTest.java:20)
at nopcommerce.SecondLoginPageTest.UserLogin(SecondLoginPageTest.java:20)
at nopcommerce.SecondLoginPageTest.UserLogin(SecondLoginPageTest.java:20)
at nopcommerce.SecondLoginPageTest.UserLogin(SecondLoginPageTest.java:20)
at nopcommerce.SecondLoginPageTest.UserLogin(SecondLoginPageTest.java:20)
at nopcommerce.SecondLoginPageTest.UserLogin(SecondLoginPageTest.java:20)
at nopcommerce.SecondLoginPageTest.UserLogin(SecondLoginPageTest.java:20)
at nopcommerce.SecondLoginPageTest.UserLogin(SecondLoginPageTest.java:20)
at nopcommerce.SecondLoginPageTest.UserLogin(SecondLoginPageTest.java:20)
at nopcommerce.SecondLoginPageTest.UserLogin(SecondLoginPageTest.java:20)
at nopcommerce.SecondLoginPageTest.UserLogin(SecondLoginPageTest.java:20)
at nopcommerce.SecondLoginPageTest.UserLogin(SecondLoginPageTest.java:20)
at nopcommerce.SecondLoginPageTest.UserLogin(SecondLoginPageTest.java:20)
at nopcommerce.SecondLoginPageTest.UserLogin(SecondLoginPageTest.java:20)
at nopcommerce.SecondLoginPageTest.UserLogin(SecondLoginPageTest.java:20)
at nopcommerce.SecondLoginPageTest.UserLogin(SecondLoginPageTest.java:20)
at nopcommerce.SecondLoginPageTest.UserLogin(SecondLoginPageTest.java:20)
at nopcommerce.SecondLoginPageTest.UserLogin(SecondLoginPageTest.java:20)
at nopcommerce.SecondLoginPageTest.UserLogin(SecondLoginPageTest.java:20)
at nopcommerce.SecondLoginPageTest.UserLogin(SecondLoginPageTest.java:20)
at nopcommerce.SecondLoginPageTest.UserLogin(SecondLoginPageTest.java:20)
at nopcommerce.SecondLoginPageTest.UserLogin(SecondLoginPageTest.java:20)
at nopcommerce.SecondLoginPageTest.UserLogin(SecondLoginPageTest.java:20)
at nopcommerce.SecondLoginPageTest.UserLogin(SecondLoginPageTest.java:20)
at nopcommerce.SecondLoginPageTest.UserLogin(SecondLoginPageTest.java:20)
at nopcommerce.SecondLoginPageTest.UserLogin(SecondLoginPageTest.java:20)
at nopcommerce.SecondLoginPageTest.UserLogin(SecondLoginPageTest.java:20)
at nopcommerce.SecondLoginPageTest.UserLogin(SecondLoginPageTest.java:20)
at nopcommerce.SecondLoginPageTest.UserLogin(SecondLoginPageTest.java:20)
at nopcommerce.SecondLoginPageTest.UserLogin(SecondLoginPageTest.java:20)
at nopcommerce.SecondLoginPageTest.UserLogin(SecondLoginPageTest.java:20)
at nopcommerce.SecondLoginPageTest.UserLogin(SecondLoginPageTest.java:20)
at nopcommerce.SecondLoginPageTest.UserLogin(SecondLoginPageTest.java:20)
at nopcommerce.SecondLoginPageTest.UserLogin(SecondLoginPageTest.java:20)
at nopcommerce.SecondLoginPageTest.UserLogin(SecondLoginPageTest.java:20)
at nopcommerce.SecondLoginPageTest.UserLogin(SecondLoginPageTest.java:20)
at nopcommerce.SecondLoginPageTest.UserLogin(SecondLoginPageTest.java:20)
at nopcommerce.SecondLoginPageTest.UserLogin(SecondLoginPageTest.java:20)
at nopcommerce.SecondLoginPageTest.UserLogin(SecondLoginPageTest.java:20)
at nopcommerce.SecondLoginPageTest.UserLogin(SecondLoginPageTest.java:20)
at nopcommerce.SecondLoginPageTest.UserLogin(SecondLoginPageTest.java:20)
at nopcommerce.SecondLoginPageTest.UserLogin(SecondLoginPageTest.java:20)
at nopcommerce.SecondLoginPageTest.UserLogin(SecondLoginPageTest.java:20)
at nopcommerce.SecondLoginPageTest.UserLogin(SecondLoginPageTest.java:20)
at nopcommerce.SecondLoginPageTest.UserLogin(SecondLoginPageTest.java:20)
at nopcommerce.SecondLoginPageTest.UserLogin(SecondLoginPageTest.java:20)
at nopcommerce.SecondLoginPageTest.UserLogin(SecondLoginPageTest.java:20)
at nopcommerce.SecondLoginPageTest.UserLogin(SecondLoginPageTest.java:20)
at nopcommerce.SecondLoginPageTest.UserLogin(SecondLoginPageTest.java:20)
at nopcommerce.SecondLoginPageTest.UserLogin(SecondLoginPageTest.java:20)
at nopcommerce.SecondLoginPageTest.UserLogin(SecondLoginPageTest.java:20)
at nopcommerce.SecondLoginPageTest.UserLogin(SecondLoginPageTest.java:20)
at nopcommerce.SecondLoginPageTest.UserLogin(SecondLoginPageTest.java:20)
at nopcommerce.SecondLoginPageTest.UserLogin(SecondLoginPageTest.java:20)
at nopcommerce.SecondLoginPageTest.UserLogin(SecondLoginPageTest.java:20)
at nopcommerce.SecondLoginPageTest.UserLogin(SecondLoginPageTest.java:20)
at nopcommerce.SecondLoginPageTest.UserLogin(SecondLoginPageTest.java:20)
at nopcommerce.SecondLoginPageTest.UserLogin(SecondLoginPageTest.java:20)
at nopcommerce.SecondLoginPageTest.UserLogin(SecondLoginPageTest.java:20)
at nopcommerce.SecondLoginPageTest.UserLogin(SecondLoginPageTest.java:20)
at nopcommerce.SecondLoginPageTest.UserLogin(SecondLoginPageTest.java:20)
at nopcommerce.SecondLoginPageTest.UserLogin(SecondLoginPageTest.java:20)
at nopcommerce.SecondLoginPageTest.UserLogin(SecondLoginPageTest.java:20)
at nopcommerce.SecondLoginPageTest.UserLogin(SecondLoginPageTest.java:20)
at nopcommerce.SecondLoginPageTest.UserLogin(SecondLoginPageTest.java:20)
at nopcommerce.SecondLoginPageTest.UserLogin(SecondLoginPageTest.java:20)
at nopcommerce.SecondLoginPageTest.UserLogin(SecondLoginPageTest.java:20)
at nopcommerce.SecondLoginPageTest.UserLogin(SecondLoginPageTest.java:20)
at nopcommerce.SecondLoginPageTest.UserLogin(SecondLoginPageTest.java:20)
at nopcommerce.SecondLoginPageTest.UserLogin(SecondLoginPageTest.java:20)
at nopcommerce.SecondLoginPageTest.UserLogin(SecondLoginPageTest.java:20)
at nopcommerce.SecondLoginPageTest.UserLogin(SecondLoginPageTest.java:20)
at nopcommerce.SecondLoginPageTest.UserLogin(SecondLoginPageTest.java:20)
at nopcommerce.SecondLoginPageTest.UserLogin(SecondLoginPageTest.java:20)
at nopcommerce.SecondLoginPageTest.UserLogin(SecondLoginPageTest.java:20)
at nopcommerce.SecondLoginPageTest.UserLogin(SecondLoginPageTest.java:20)
at nopcommerce.SecondLoginPageTest.UserLogin(SecondLoginPageTest.java:20)
at nopcommerce.SecondLoginPageTest.UserLogin(SecondLoginPageTest.java:20)
at nopcommerce.SecondLoginPageTest.UserLogin(SecondLoginPageTest.java:20)
at nopcommerce.SecondLoginPageTest.UserLogin(SecondLoginPageTest.java:20)
at nopcommerce.SecondLoginPageTest.UserLogin(SecondLoginPageTest.java:20)
at nopcommerce.SecondLoginPageTest.UserLogin(SecondLoginPageTest.java:20)
at nopcommerce.SecondLoginPageTest.UserLogin(SecondLoginPageTest.java:20)
at nopcommerce.SecondLoginPageTest.UserLogin(SecondLoginPageTest.java:20)
at nopcommerce.SecondLoginPageTest.UserLogin(SecondLoginPageTest.java:20)
at nopcommerce.SecondLoginPageTest.UserLogin(SecondLoginPageTest.java:20)
at nopcommerce.SecondLoginPageTest.UserLogin(SecondLoginPageTest.java:20)
at nopcommerce.SecondLoginPageTest.UserLogin(SecondLoginPageTest.java:20)
at nopcommerce.SecondLoginPageTest.UserLogin(SecondLoginPageTest.java:20)
at nopcommerce.SecondLoginPageTest.UserLogin(SecondLoginPageTest.java:20)
at nopcommerce.SecondLoginPageTest.UserLogin(SecondLoginPageTest.java:20)
at nopcommerce.SecondLoginPageTest.UserLogin(SecondLoginPageTest.java:20)
at nopcommerce.SecondLoginPageTest.UserLogin(SecondLoginPageTest.java:20)
at nopcommerce.SecondLoginPageTest.UserLogin(SecondLoginPageTest.java:20)
at nopcommerce.SecondLoginPageTest.UserLogin(SecondLoginPageTest.java:20)
at nopcommerce.SecondLoginPageTest.UserLogin(SecondLoginPageTest.java:20)
at nopcommerce.SecondLoginPageTest.UserLogin(SecondLoginPageTest.java:20)
at nopcommerce.SecondLoginPageTest.UserLogin(SecondLoginPageTest.java:20)
at nopcommerce.SecondLoginPageTest.UserLogin(SecondLoginPageTest.java:20)
at nopcommerce.SecondLoginPageTest.UserLogin(SecondLoginPageTest.java:20)
at nopcommerce.SecondLoginPageTest.UserLogin(SecondLoginPageTest.java:20)
at nopcommerce.SecondLoginPageTest.UserLogin(SecondLoginPageTest.java:20)
at nopcommerce.SecondLoginPageTest.UserLogin(SecondLoginPageTest.java:20)
at nopcommerce.SecondLoginPageTest.UserLogin(SecondLoginPageTest.java:20)
at nopcommerce.SecondLoginPageTest.UserLogin(SecondLoginPageTest.java:20)
at nopcommerce.SecondLoginPageTest.UserLogin(SecondLoginPageTest.java:20)
at nopcommerce.SecondLoginPageTest.UserLogin(SecondLoginPageTest.java:20)
at nopcommerce.SecondLoginPageTest.UserLogin(SecondLoginPageTest.java:20)
at nopcommerce.SecondLoginPageTest.UserLogin(SecondLoginPageTest.java:20)
at nopcommerce.SecondLoginPageTest.UserLogin(SecondLoginPageTest.java:20)
at nopcommerce.SecondLoginPageTest.UserLogin(SecondLoginPageTest.java:20)
at nopcommerce.SecondLoginPageTest.UserLogin(SecondLoginPageTest.java:20)
at nopcommerce.SecondLoginPageTest.UserLogin(SecondLoginPageTest.java:20)
at nopcommerce.SecondLoginPageTest.UserLogin(SecondLoginPageTest.java:20)
at nopcommerce.SecondLoginPageTest.UserLogin(SecondLoginPageTest.java:20)
at nopcommerce.SecondLoginPageTest.UserLogin(SecondLoginPageTest.java:20)
at nopcommerce.SecondLoginPageTest.UserLogin(SecondLoginPageTest.java:20)
at nopcommerce.SecondLoginPageTest.UserLogin(SecondLoginPageTest.java:20)
at nopcommerce.SecondLoginPageTest.UserLogin(SecondLoginPageTest.java:20)
at nopcommerce.SecondLoginPageTest.UserLogin(SecondLoginPageTest.java:20)
at nopcommerce.SecondLoginPageTest.UserLogin(SecondLoginPageTest.java:20)
at nopcommerce.SecondLoginPageTest.UserLogin(SecondLoginPageTest.java:20)
at nopcommerce.SecondLoginPageTest.UserLogin(SecondLoginPageTest.java:20)
at nopcommerce.SecondLoginPageTest.UserLogin(SecondLoginPageTest.java:20)
at nopcommerce.SecondLoginPageTest.UserLogin(SecondLoginPageTest.java:20)
at nopcommerce.SecondLoginPageTest.UserLogin(SecondLoginPageTest.java:20)
at nopcommerce.SecondLoginPageTest.UserLogin(SecondLoginPageTest.java:20)
at nopcommerce.SecondLoginPageTest.UserLogin(SecondLoginPageTest.java:20)
at nopcommerce.SecondLoginPageTest.UserLogin(SecondLoginPageTest.java:20)
at nopcommerce.SecondLoginPageTest.UserLogin(SecondLoginPageTest.java:20)
at nopcommerce.SecondLoginPageTest.UserLogin(SecondLoginPageTest.java:20)
at nopcommerce.SecondLoginPageTest.UserLogin(SecondLoginPageTest.java:20)
at nopcommerce.SecondLoginPageTest.UserLogin(SecondLoginPageTest.java:20)
at nopcommerce.SecondLoginPageTest.UserLogin(SecondLoginPageTest.java:20)
at nopcommerce.SecondLoginPageTest.UserLogin(SecondLoginPageTest.java:20)
at nopcommerce.SecondLoginPageTest.UserLogin(SecondLoginPageTest.java:20)
at nopcommerce.SecondLoginPageTest.UserLogin(SecondLoginPageTest.java:20)
at nopcommerce.SecondLoginPageTest.UserLogin(SecondLoginPageTest.java:20)
at nopcommerce.SecondLoginPageTest.UserLogin(SecondLoginPageTest.java:20)
at nopcommerce.SecondLoginPageTest.UserLogin(SecondLoginPageTest.java:20)
at nopcommerce.SecondLoginPageTest.UserLogin(SecondLoginPageTest.java:20)
at nopcommerce.SecondLoginPageTest.UserLogin(SecondLoginPageTest.java:20)
at nopcommerce.SecondLoginPageTest.UserLogin(SecondLoginPageTest.java:20)
at nopcommerce.SecondLoginPageTest.UserLogin(SecondLoginPageTest.java:20)
at nopcommerce.SecondLoginPageTest.UserLogin(SecondLoginPageTest.java:20)
at nopcommerce.SecondLoginPageTest.UserLogin(SecondLoginPageTest.java:20)
at nopcommerce.SecondLoginPageTest.UserLogin(SecondLoginPageTest.java:20)
at nopcommerce.SecondLoginPageTest.UserLogin(SecondLoginPageTest.java:20)
at nopcommerce.SecondLoginPageTest.UserLogin(SecondLoginPageTest.java:20)
]]>
    </error>
  </testcase> <!-- UserLogin -->
  <system-out/>
</testsuite> <!-- nopcommerce.SecondLoginPageTest -->
